<?xml version="1.0" encoding="UTF-8" standalone="no"?>
<!DOCTYPE log SYSTEM "logger.dtd">
<log>
<record>
  <date>2019-10-31T10:27:36</date>
  <millis>1572510456737</millis>
  <sequence>0</sequence>
  <level>START</level>
  <class>com.kms.katalon.core.logging.XmlKeywordLogger</class>
  <method>startSuite</method>
  <thread>1</thread>
  <message>Start Test Suite : Test Suites/SD Flow ME-GR From Vendor with Advance</message>
  <nestedLevel>0</nestedLevel>
  <property name="name">SD Flow ME-GR From Vendor with Advance</property>
  <property name="description"></property>
  <property name="id">Test Suites/SD Flow ME-GR From Vendor with Advance</property>
</record>
<record>
  <date>2019-10-31T10:27:36</date>
  <millis>1572510456763</millis>
  <sequence>1</sequence>
  <level>RUN_DATA</level>
  <class>com.kms.katalon.core.logging.XmlKeywordLogger</class>
  <method>logMessage</method>
  <thread>1</thread>
  <message>hostName = daniel.donose - egt-danieldonose.egt.local</message>
  <nestedLevel>0</nestedLevel>
  <property name="hostName">daniel.donose - egt-danieldonose.egt.local</property>
</record>
<record>
  <date>2019-10-31T10:27:36</date>
  <millis>1572510456764</millis>
  <sequence>2</sequence>
  <level>RUN_DATA</level>
  <class>com.kms.katalon.core.logging.XmlKeywordLogger</class>
  <method>logMessage</method>
  <thread>1</thread>
  <message>os = Windows 10 64bit</message>
  <nestedLevel>0</nestedLevel>
  <property name="os">Windows 10 64bit</property>
</record>
<record>
  <date>2019-10-31T10:27:36</date>
  <millis>1572510456766</millis>
  <sequence>3</sequence>
  <level>RUN_DATA</level>
  <class>com.kms.katalon.core.logging.XmlKeywordLogger</class>
  <method>logMessage</method>
  <thread>1</thread>
  <message>hostAddress = 10.120.2.94</message>
  <nestedLevel>0</nestedLevel>
  <property name="hostAddress">10.120.2.94</property>
</record>
<record>
  <date>2019-10-31T10:27:36</date>
  <millis>1572510456767</millis>
  <sequence>4</sequence>
  <level>RUN_DATA</level>
  <class>com.kms.katalon.core.logging.XmlKeywordLogger</class>
  <method>logMessage</method>
  <thread>1</thread>
  <message>katalonVersion = 7.0.3.1</message>
  <nestedLevel>0</nestedLevel>
  <property name="katalonVersion">7.0.3.1</property>
</record>
<record>
  <date>2019-10-31T10:27:37</date>
  <millis>1572510457219</millis>
  <sequence>5</sequence>
  <level>START</level>
  <class>com.kms.katalon.core.logging.XmlKeywordLogger</class>
  <method>startTest</method>
  <thread>1</thread>
  <message>Start Test Case : Test Cases/Login/LoginAdmin</message>
  <nestedLevel>1</nestedLevel>
  <property name="name">Test Cases/Login/LoginAdmin</property>
  <property name="description"></property>
  <property name="id">Test Cases/Login/LoginAdmin</property>
  <property name="source">C:\\Users\\daniel.donose\\git\\GAS_V4\\Test Cases\\Login\\LoginAdmin.tc</property>
  <property name="tag"></property>
  <property name="isOptional">false</property>
</record>
<record>
  <date>2019-10-31T10:27:37</date>
  <millis>1572510457845</millis>
  <sequence>7</sequence>
  <level>START</level>
  <class>com.kms.katalon.core.logging.XmlKeywordLogger</class>
  <method>startKeyword</method>
  <thread>1</thread>
  <message>Start action : openBrowser(\&amp;quot;\&amp;quot;)</message>
  <nestedLevel>1</nestedLevel>
  <property name="startLine">16</property>
  <property name="stepIndex">1</property>
</record>
<record>
  <date>2019-10-31T10:27:38</date>
  <millis>1572510458229</millis>
  <sequence>9</sequence>
  <level>INFO</level>
  <class>com.kms.katalon.core.logging.XmlKeywordLogger</class>
  <method>logMessage</method>
  <thread>1</thread>
  <message>Starting &amp;apos;Chrome&amp;apos; driver</message>
  <nestedLevel>1</nestedLevel>
</record>
<record>
  <date>2019-10-31T10:27:38</date>
  <millis>1572510458317</millis>
  <sequence>11</sequence>
  <level>INFO</level>
  <class>com.kms.katalon.core.logging.XmlKeywordLogger</class>
  <method>logMessage</method>
  <thread>1</thread>
  <message>Action delay is set to 0 seconds</message>
  <nestedLevel>1</nestedLevel>
</record>
<record>
  <date>2019-10-31T10:27:45</date>
  <millis>1572510465719</millis>
  <sequence>13</sequence>
  <level>RUN_DATA</level>
  <class>com.kms.katalon.core.logging.XmlKeywordLogger</class>
  <method>logMessage</method>
  <thread>1</thread>
  <message>sessionId = 86ec01915e2c66b1231fdc9301a6af01</message>
  <nestedLevel>1</nestedLevel>
  <property name="sessionId">86ec01915e2c66b1231fdc9301a6af01</property>
</record>
<record>
  <date>2019-10-31T10:27:45</date>
  <millis>1572510465749</millis>
  <sequence>14</sequence>
  <level>RUN_DATA</level>
  <class>com.kms.katalon.core.logging.XmlKeywordLogger</class>
  <method>logMessage</method>
  <thread>1</thread>
  <message>browser = Chrome 77.0.3865.120</message>
  <nestedLevel>1</nestedLevel>
  <property name="browser">Chrome 77.0.3865.120</property>
</record>
<record>
  <date>2019-10-31T10:27:45</date>
  <millis>1572510465750</millis>
  <sequence>15</sequence>
  <level>RUN_DATA</level>
  <class>com.kms.katalon.core.logging.XmlKeywordLogger</class>
  <method>logMessage</method>
  <thread>1</thread>
  <message>platform = Windows 10</message>
  <nestedLevel>1</nestedLevel>
  <property name="platform">Windows 10</property>
</record>
<record>
  <date>2019-10-31T10:27:45</date>
  <millis>1572510465751</millis>
  <sequence>16</sequence>
  <level>RUN_DATA</level>
  <class>com.kms.katalon.core.logging.XmlKeywordLogger</class>
  <method>logMessage</method>
  <thread>1</thread>
  <message>seleniumVersion = 3.141.59</message>
  <nestedLevel>1</nestedLevel>
  <property name="seleniumVersion">3.141.59</property>
</record>
<record>
  <date>2019-10-31T10:27:45</date>
  <millis>1572510465752</millis>
  <sequence>17</sequence>
  <level>RUN_DATA</level>
  <class>com.kms.katalon.core.logging.XmlKeywordLogger</class>
  <method>logMessage</method>
  <thread>1</thread>
  <message>proxyInformation = ProxyInformation{proxyOption=NO_PROXY, proxyServerType=HTTP, password=, proxyServerAddress=, proxyServerPort=0}</message>
  <nestedLevel>1</nestedLevel>
  <property name="proxyInformation">ProxyInformation{proxyOption=NO_PROXY, proxyServerType=HTTP, password=, proxyServerAddress=, proxyServerPort=0}</property>
</record>
<record>
  <date>2019-10-31T10:27:45</date>
  <millis>1572510465761</millis>
  <sequence>18</sequence>
  <level>PASSED</level>
  <class>com.kms.katalon.core.logging.XmlKeywordLogger</class>
  <method>logMessage</method>
  <thread>1</thread>
  <message>Browser is opened with url: &amp;apos;&amp;apos;</message>
  <nestedLevel>1</nestedLevel>
</record>
<record>
  <date>2019-10-31T10:27:45</date>
  <millis>1572510465763</millis>
  <sequence>19</sequence>
  <level>END</level>
  <class>com.kms.katalon.core.logging.XmlKeywordLogger</class>
  <method>endKeyword</method>
  <thread>1</thread>
  <message>End action : openBrowser(\&amp;quot;\&amp;quot;)</message>
  <nestedLevel>1</nestedLevel>
</record>
<record>
  <date>2019-10-31T10:27:45</date>
  <millis>1572510465763</millis>
  <sequence>20</sequence>
  <level>START</level>
  <class>com.kms.katalon.core.logging.XmlKeywordLogger</class>
  <method>startKeyword</method>
  <thread>1</thread>
  <message>Start action : maximizeWindow()</message>
  <nestedLevel>1</nestedLevel>
  <property name="startLine">18</property>
  <property name="stepIndex">2</property>
</record>
<record>
  <date>2019-10-31T10:27:49</date>
  <millis>1572510469935</millis>
  <sequence>22</sequence>
  <level>PASSED</level>
  <class>com.kms.katalon.core.logging.XmlKeywordLogger</class>
  <method>logMessage</method>
  <thread>1</thread>
  <message>Current window maximized</message>
  <nestedLevel>1</nestedLevel>
</record>
<record>
  <date>2019-10-31T10:27:49</date>
  <millis>1572510469936</millis>
  <sequence>23</sequence>
  <level>END</level>
  <class>com.kms.katalon.core.logging.XmlKeywordLogger</class>
  <method>endKeyword</method>
  <thread>1</thread>
  <message>End action : maximizeWindow()</message>
  <nestedLevel>1</nestedLevel>
</record>
<record>
  <date>2019-10-31T10:27:49</date>
  <millis>1572510469936</millis>
  <sequence>24</sequence>
  <level>START</level>
  <class>com.kms.katalon.core.logging.XmlKeywordLogger</class>
  <method>startKeyword</method>
  <thread>1</thread>
  <message>Start action : navigateToUrl(Web7Login)</message>
  <nestedLevel>1</nestedLevel>
  <property name="startLine">20</property>
  <property name="stepIndex">3</property>
</record>
<record>
  <date>2019-10-31T10:27:53</date>
  <millis>1572510473266</millis>
  <sequence>99</sequence>
  <level>PASSED</level>
  <class>com.kms.katalon.core.logging.XmlKeywordLogger</class>
  <method>logMessage</method>
  <thread>1</thread>
  <message>Navigate to &amp;apos;http://10.120.1.4:7955/?#!/&amp;apos; successfully</message>
  <nestedLevel>1</nestedLevel>
</record>
<record>
  <date>2019-10-31T10:27:53</date>
  <millis>1572510473267</millis>
  <sequence>100</sequence>
  <level>END</level>
  <class>com.kms.katalon.core.logging.XmlKeywordLogger</class>
  <method>endKeyword</method>
  <thread>1</thread>
  <message>End action : navigateToUrl(Web7Login)</message>
  <nestedLevel>1</nestedLevel>
</record>
<record>
  <date>2019-10-31T10:27:53</date>
  <millis>1572510473267</millis>
  <sequence>101</sequence>
  <level>START</level>
  <class>com.kms.katalon.core.logging.XmlKeywordLogger</class>
  <method>startKeyword</method>
  <thread>1</thread>
  <message>Start action : setText(findTestObject(\&amp;quot;Login/input_username\&amp;quot;), \&amp;quot;daniel.donose\&amp;quot;)</message>
  <nestedLevel>1</nestedLevel>
  <property name="startLine">22</property>
  <property name="stepIndex">4</property>
</record>
<record>
  <date>2019-10-31T10:27:54</date>
  <millis>1572510474093</millis>
  <sequence>111</sequence>
  <level>PASSED</level>
  <class>com.kms.katalon.core.logging.XmlKeywordLogger</class>
  <method>logMessage</method>
  <thread>1</thread>
  <message>Text &amp;apos;daniel.donose&amp;apos; is set on object &amp;apos;Object Repository/Login/input_username&amp;apos;</message>
  <nestedLevel>1</nestedLevel>
</record>
<record>
  <date>2019-10-31T10:27:54</date>
  <millis>1572510474094</millis>
  <sequence>112</sequence>
  <level>END</level>
  <class>com.kms.katalon.core.logging.XmlKeywordLogger</class>
  <method>endKeyword</method>
  <thread>1</thread>
  <message>End action : setText(findTestObject(\&amp;quot;Login/input_username\&amp;quot;), \&amp;quot;daniel.donose\&amp;quot;)</message>
  <nestedLevel>1</nestedLevel>
</record>
<record>
  <date>2019-10-31T10:27:54</date>
  <millis>1572510474094</millis>
  <sequence>113</sequence>
  <level>START</level>
  <class>com.kms.katalon.core.logging.XmlKeywordLogger</class>
  <method>startKeyword</method>
  <thread>1</thread>
  <message>Start action : setText(findTestObject(\&amp;quot;Login/input_password\&amp;quot;), \&amp;quot;11111sase\&amp;quot;)</message>
  <nestedLevel>1</nestedLevel>
  <property name="startLine">24</property>
  <property name="stepIndex">5</property>
</record>
<record>
  <date>2019-10-31T10:27:54</date>
  <millis>1572510474611</millis>
  <sequence>123</sequence>
  <level>PASSED</level>
  <class>com.kms.katalon.core.logging.XmlKeywordLogger</class>
  <method>logMessage</method>
  <thread>1</thread>
  <message>Text &amp;apos;11111sase&amp;apos; is set on object &amp;apos;Object Repository/Login/input_password&amp;apos;</message>
  <nestedLevel>1</nestedLevel>
</record>
<record>
  <date>2019-10-31T10:27:54</date>
  <millis>1572510474612</millis>
  <sequence>124</sequence>
  <level>END</level>
  <class>com.kms.katalon.core.logging.XmlKeywordLogger</class>
  <method>endKeyword</method>
  <thread>1</thread>
  <message>End action : setText(findTestObject(\&amp;quot;Login/input_password\&amp;quot;), \&amp;quot;11111sase\&amp;quot;)</message>
  <nestedLevel>1</nestedLevel>
</record>
<record>
  <date>2019-10-31T10:27:54</date>
  <millis>1572510474612</millis>
  <sequence>125</sequence>
  <level>START</level>
  <class>com.kms.katalon.core.logging.XmlKeywordLogger</class>
  <method>startKeyword</method>
  <thread>1</thread>
  <message>Start action : click(findTestObject(\&amp;quot;Login/button_Login\&amp;quot;))</message>
  <nestedLevel>1</nestedLevel>
  <property name="startLine">26</property>
  <property name="stepIndex">6</property>
</record>
<record>
  <date>2019-10-31T10:27:55</date>
  <millis>1572510475121</millis>
  <sequence>134</sequence>
  <level>PASSED</level>
  <class>com.kms.katalon.core.logging.XmlKeywordLogger</class>
  <method>logMessage</method>
  <thread>1</thread>
  <message>Object: &amp;apos;Object Repository/Login/button_Login&amp;apos; is clicked on</message>
  <nestedLevel>1</nestedLevel>
</record>
<record>
  <date>2019-10-31T10:27:55</date>
  <millis>1572510475123</millis>
  <sequence>135</sequence>
  <level>END</level>
  <class>com.kms.katalon.core.logging.XmlKeywordLogger</class>
  <method>endKeyword</method>
  <thread>1</thread>
  <message>End action : click(findTestObject(\&amp;quot;Login/button_Login\&amp;quot;))</message>
  <nestedLevel>1</nestedLevel>
</record>
<record>
  <date>2019-10-31T10:27:55</date>
  <millis>1572510475123</millis>
  <sequence>136</sequence>
  <level>PASSED</level>
  <class>com.kms.katalon.core.logging.XmlKeywordLogger</class>
  <method>logMessage</method>
  <thread>1</thread>
  <message>Test Cases/Login/LoginAdmin</message>
  <nestedLevel>1</nestedLevel>
</record>
<record>
  <date>2019-10-31T10:27:55</date>
  <millis>1572510475124</millis>
  <sequence>137</sequence>
  <level>END</level>
  <class>com.kms.katalon.core.logging.XmlKeywordLogger</class>
  <method>endTest</method>
  <thread>1</thread>
  <message>End Test Case : Test Cases/Login/LoginAdmin</message>
  <nestedLevel>0</nestedLevel>
</record>
<record>
  <date>2019-10-31T10:27:55</date>
  <millis>1572510475134</millis>
  <sequence>138</sequence>
  <level>START</level>
  <class>com.kms.katalon.core.logging.XmlKeywordLogger</class>
  <method>startTest</method>
  <thread>1</thread>
  <message>Start Test Case : Test Cases/SD FLOW Advance Pay/SD FLOW from VENDOR/SD FLOW_Meeting_Vendor</message>
  <nestedLevel>1</nestedLevel>
  <property name="name">Test Cases/SD FLOW Advance Pay/SD FLOW from VENDOR/SD FLOW_Meeting_Vendor</property>
  <property name="description"></property>
  <property name="id">Test Cases/SD FLOW Advance Pay/SD FLOW from VENDOR/SD FLOW_Meeting_Vendor</property>
  <property name="source">C:\\Users\\daniel.donose\\git\\GAS_V4\\Test Cases\\SD FLOW Advance Pay\\SD FLOW from VENDOR\\SD FLOW_Meeting_Vendor.tc</property>
  <property name="tag"></property>
  <property name="isOptional">false</property>
</record>
<record>
  <date>2019-10-31T10:27:55</date>
  <millis>1572510475639</millis>
  <sequence>140</sequence>
  <level>START</level>
  <class>com.kms.katalon.core.logging.XmlKeywordLogger</class>
  <method>startKeyword</method>
  <thread>1</thread>
  <message>Start action : waitForElementVisible(findTestObject(\&amp;quot;MainDashboard/Nav_Menu_Top/a_SD\&amp;quot;), 10)</message>
  <nestedLevel>1</nestedLevel>
  <property name="startLine">24</property>
  <property name="stepIndex">1</property>
</record>
<record>
  <date>2019-10-31T10:28:01</date>
  <millis>1572510481108</millis>
  <sequence>148</sequence>
  <level>PASSED</level>
  <class>com.kms.katalon.core.logging.XmlKeywordLogger</class>
  <method>logMessage</method>
  <thread>1</thread>
  <message>Object &amp;apos;Object Repository/MainDashboard/Nav_Menu_Top/a_SD&amp;apos; is visible</message>
  <nestedLevel>1</nestedLevel>
</record>
<record>
  <date>2019-10-31T10:28:01</date>
  <millis>1572510481109</millis>
  <sequence>149</sequence>
  <level>END</level>
  <class>com.kms.katalon.core.logging.XmlKeywordLogger</class>
  <method>endKeyword</method>
  <thread>1</thread>
  <message>End action : waitForElementVisible(findTestObject(\&amp;quot;MainDashboard/Nav_Menu_Top/a_SD\&amp;quot;), 10)</message>
  <nestedLevel>1</nestedLevel>
</record>
<record>
  <date>2019-10-31T10:28:01</date>
  <millis>1572510481109</millis>
  <sequence>150</sequence>
  <level>START</level>
  <class>com.kms.katalon.core.logging.XmlKeywordLogger</class>
  <method>startKeyword</method>
  <thread>1</thread>
  <message>Start action : mainDashboardSelections.Selectors.selectSDMeeting()</message>
  <nestedLevel>1</nestedLevel>
  <property name="startLine">26</property>
  <property name="stepIndex">2</property>
</record>
<record>
  <date>2019-10-31T10:28:03</date>
  <millis>1572510483119</millis>
  <sequence>159</sequence>
  <level>PASSED</level>
  <class>com.kms.katalon.core.logging.XmlKeywordLogger</class>
  <method>logMessage</method>
  <thread>1</thread>
  <message>Object: &amp;apos;Object Repository/MainDashboard/Nav_Menu_Top/a_SD&amp;apos; is clicked on</message>
  <nestedLevel>1</nestedLevel>
</record>
<record>
  <date>2019-10-31T10:28:04</date>
  <millis>1572510484082</millis>
  <sequence>168</sequence>
  <level>PASSED</level>
  <class>com.kms.katalon.core.logging.XmlKeywordLogger</class>
  <method>logMessage</method>
  <thread>1</thread>
  <message>Object: &amp;apos;Object Repository/MainDashboard/Nav_Menu_Top/SD/a_Add New Meeting&amp;apos; is clicked on</message>
  <nestedLevel>1</nestedLevel>
</record>
<record>
  <date>2019-10-31T10:28:04</date>
  <millis>1572510484083</millis>
  <sequence>169</sequence>
  <level>PASSED</level>
  <class>com.kms.katalon.core.logging.XmlKeywordLogger</class>
  <method>logMessage</method>
  <thread>1</thread>
  <message>mainDashboardSelections.Selectors.selectSDMeeting is PASSED</message>
  <nestedLevel>1</nestedLevel>
</record>
<record>
  <date>2019-10-31T10:28:04</date>
  <millis>1572510484085</millis>
  <sequence>170</sequence>
  <level>END</level>
  <class>com.kms.katalon.core.logging.XmlKeywordLogger</class>
  <method>endKeyword</method>
  <thread>1</thread>
  <message>End action : mainDashboardSelections.Selectors.selectSDMeeting()</message>
  <nestedLevel>1</nestedLevel>
</record>
<record>
  <date>2019-10-31T10:28:04</date>
  <millis>1572510484085</millis>
  <sequence>171</sequence>
  <level>START</level>
  <class>com.kms.katalon.core.logging.XmlKeywordLogger</class>
  <method>startKeyword</method>
  <thread>1</thread>
  <message>Start action : waitForElementNotVisible(findTestObject(\&amp;quot;Waiters/WaitLoadingAnim_Element\&amp;quot;), 20)</message>
  <nestedLevel>1</nestedLevel>
  <property name="startLine">28</property>
  <property name="stepIndex">3</property>
</record>
<record>
  <date>2019-10-31T10:28:05</date>
  <millis>1572510485349</millis>
  <sequence>179</sequence>
  <level>PASSED</level>
  <class>com.kms.katalon.core.logging.XmlKeywordLogger</class>
  <method>logMessage</method>
  <thread>1</thread>
  <message>Object &amp;apos;Object Repository/Waiters/WaitLoadingAnim_Element&amp;apos; is NOT visible</message>
  <nestedLevel>1</nestedLevel>
</record>
<record>
  <date>2019-10-31T10:28:05</date>
  <millis>1572510485349</millis>
  <sequence>180</sequence>
  <level>END</level>
  <class>com.kms.katalon.core.logging.XmlKeywordLogger</class>
  <method>endKeyword</method>
  <thread>1</thread>
  <message>End action : waitForElementNotVisible(findTestObject(\&amp;quot;Waiters/WaitLoadingAnim_Element\&amp;quot;), 20)</message>
  <nestedLevel>1</nestedLevel>
</record>
<record>
  <date>2019-10-31T10:28:05</date>
  <millis>1572510485350</millis>
  <sequence>181</sequence>
  <level>START</level>
  <class>com.kms.katalon.core.logging.XmlKeywordLogger</class>
  <method>startKeyword</method>
  <thread>1</thread>
  <message>Start action : delay(5)</message>
  <nestedLevel>1</nestedLevel>
  <property name="startLine">30</property>
  <property name="stepIndex">4</property>
</record>
<record>
  <date>2019-10-31T10:28:10</date>
  <millis>1572510490381</millis>
  <sequence>183</sequence>
  <level>PASSED</level>
  <class>com.kms.katalon.core.logging.XmlKeywordLogger</class>
  <method>logMessage</method>
  <thread>1</thread>
  <message>Delayed 5 second(s)</message>
  <nestedLevel>1</nestedLevel>
</record>
<record>
  <date>2019-10-31T10:28:10</date>
  <millis>1572510490383</millis>
  <sequence>184</sequence>
  <level>END</level>
  <class>com.kms.katalon.core.logging.XmlKeywordLogger</class>
  <method>endKeyword</method>
  <thread>1</thread>
  <message>End action : delay(5)</message>
  <nestedLevel>1</nestedLevel>
</record>
<record>
  <date>2019-10-31T10:28:10</date>
  <millis>1572510490384</millis>
  <sequence>185</sequence>
  <level>START</level>
  <class>com.kms.katalon.core.logging.XmlKeywordLogger</class>
  <method>startKeyword</method>
  <thread>1</thread>
  <message>Start action : selectOptionByLabel(findTestObject(\&amp;quot;ME/select_me_prio\&amp;quot;), findTestData(\&amp;quot;DropDowns\&amp;quot;).getValue(1, 1), false)</message>
  <nestedLevel>1</nestedLevel>
  <property name="startLine">32</property>
  <property name="stepIndex">5</property>
</record>
<record>
  <date>2019-10-31T10:28:11</date>
  <millis>1572510491645</millis>
  <sequence>197</sequence>
  <level>PASSED</level>
  <class>com.kms.katalon.core.logging.XmlKeywordLogger</class>
  <method>logMessage</method>
  <thread>1</thread>
  <message>All options with label &amp;apos;Low&amp;apos; are selected in object &amp;apos;Object Repository/ME/select_me_prio&amp;apos; </message>
  <nestedLevel>1</nestedLevel>
</record>
<record>
  <date>2019-10-31T10:28:11</date>
  <millis>1572510491645</millis>
  <sequence>198</sequence>
  <level>END</level>
  <class>com.kms.katalon.core.logging.XmlKeywordLogger</class>
  <method>endKeyword</method>
  <thread>1</thread>
  <message>End action : selectOptionByLabel(findTestObject(\&amp;quot;ME/select_me_prio\&amp;quot;), findTestData(\&amp;quot;DropDowns\&amp;quot;).getValue(1, 1), false)</message>
  <nestedLevel>1</nestedLevel>
</record>
<record>
  <date>2019-10-31T10:28:11</date>
  <millis>1572510491646</millis>
  <sequence>199</sequence>
  <level>START</level>
  <class>com.kms.katalon.core.logging.XmlKeywordLogger</class>
  <method>startKeyword</method>
  <thread>1</thread>
  <message>Start action : click(findTestObject(\&amp;quot;ME/span_Company name\&amp;quot;))</message>
  <nestedLevel>1</nestedLevel>
  <property name="startLine">34</property>
  <property name="stepIndex">6</property>
</record>
<record>
  <date>2019-10-31T10:28:12</date>
  <millis>1572510492370</millis>
  <sequence>208</sequence>
  <level>PASSED</level>
  <class>com.kms.katalon.core.logging.XmlKeywordLogger</class>
  <method>logMessage</method>
  <thread>1</thread>
  <message>Object: &amp;apos;Object Repository/ME/span_Company name&amp;apos; is clicked on</message>
  <nestedLevel>1</nestedLevel>
</record>
<record>
  <date>2019-10-31T10:28:12</date>
  <millis>1572510492371</millis>
  <sequence>209</sequence>
  <level>END</level>
  <class>com.kms.katalon.core.logging.XmlKeywordLogger</class>
  <method>endKeyword</method>
  <thread>1</thread>
  <message>End action : click(findTestObject(\&amp;quot;ME/span_Company name\&amp;quot;))</message>
  <nestedLevel>1</nestedLevel>
</record>
<record>
  <date>2019-10-31T10:28:12</date>
  <millis>1572510492372</millis>
  <sequence>210</sequence>
  <level>START</level>
  <class>com.kms.katalon.core.logging.XmlKeywordLogger</class>
  <method>startKeyword</method>
  <thread>1</thread>
  <message>Start action : setText(findTestObject(\&amp;quot;ME/input_Company name\&amp;quot;), findTestData(\&amp;quot;Clients\&amp;quot;).getValue(1, 1), STOP_ON_FAILURE)</message>
  <nestedLevel>1</nestedLevel>
  <property name="startLine">36</property>
  <property name="stepIndex">7</property>
</record>
<record>
  <date>2019-10-31T10:28:12</date>
  <millis>1572510492898</millis>
  <sequence>216</sequence>
  <level>RUN_DATA</level>
  <class>com.kms.katalon.core.logging.XmlKeywordLogger</class>
  <method>logMessage</method>
  <thread>1</thread>
  <message>dbServerInfo = PostgreSQL 9.6.10</message>
  <nestedLevel>1</nestedLevel>
  <property name="dbServerInfo">PostgreSQL 9.6.10</property>
</record>
<record>
  <date>2019-10-31T10:28:13</date>
  <millis>1572510493752</millis>
  <sequence>225</sequence>
  <level>PASSED</level>
  <class>com.kms.katalon.core.logging.XmlKeywordLogger</class>
  <method>logMessage</method>
  <thread>1</thread>
  <message>Text &amp;apos;VINIBUONI TRADING S.R.L.&amp;apos; is set on object &amp;apos;Object Repository/ME/input_Company name&amp;apos;</message>
  <nestedLevel>1</nestedLevel>
</record>
<record>
  <date>2019-10-31T10:28:13</date>
  <millis>1572510493753</millis>
  <sequence>226</sequence>
  <level>END</level>
  <class>com.kms.katalon.core.logging.XmlKeywordLogger</class>
  <method>endKeyword</method>
  <thread>1</thread>
  <message>End action : setText(findTestObject(\&amp;quot;ME/input_Company name\&amp;quot;), findTestData(\&amp;quot;Clients\&amp;quot;).getValue(1, 1), STOP_ON_FAILURE)</message>
  <nestedLevel>1</nestedLevel>
</record>
<record>
  <date>2019-10-31T10:28:13</date>
  <millis>1572510493753</millis>
  <sequence>227</sequence>
  <level>START</level>
  <class>com.kms.katalon.core.logging.XmlKeywordLogger</class>
  <method>startKeyword</method>
  <thread>1</thread>
  <message>Start action : sendKeys(findTestObject(\&amp;quot;ME/input_Company name\&amp;quot;), Keys.chord(ENTER))</message>
  <nestedLevel>1</nestedLevel>
  <property name="startLine">38</property>
  <property name="stepIndex">8</property>
</record>
<record>
  <date>2019-10-31T10:28:14</date>
  <millis>1572510494279</millis>
  <sequence>234</sequence>
  <level>PASSED</level>
  <class>com.kms.katalon.core.logging.XmlKeywordLogger</class>
  <method>logMessage</method>
  <thread>1</thread>
  <message>Keys &amp;apos;ENTER + &amp;apos; sent to object: &amp;apos;Object Repository/ME/input_Company name&amp;apos;</message>
  <nestedLevel>1</nestedLevel>
</record>
<record>
  <date>2019-10-31T10:28:14</date>
  <millis>1572510494280</millis>
  <sequence>235</sequence>
  <level>END</level>
  <class>com.kms.katalon.core.logging.XmlKeywordLogger</class>
  <method>endKeyword</method>
  <thread>1</thread>
  <message>End action : sendKeys(findTestObject(\&amp;quot;ME/input_Company name\&amp;quot;), Keys.chord(ENTER))</message>
  <nestedLevel>1</nestedLevel>
</record>
<record>
  <date>2019-10-31T10:28:14</date>
  <millis>1572510494280</millis>
  <sequence>236</sequence>
  <level>START</level>
  <class>com.kms.katalon.core.logging.XmlKeywordLogger</class>
  <method>startKeyword</method>
  <thread>1</thread>
  <message>Start action : click(findTestObject(\&amp;quot;ME/span_Contact name\&amp;quot;), STOP_ON_FAILURE)</message>
  <nestedLevel>1</nestedLevel>
  <property name="startLine">40</property>
  <property name="stepIndex">9</property>
</record>
<record>
  <date>2019-10-31T10:28:14</date>
  <millis>1572510494727</millis>
  <sequence>245</sequence>
  <level>PASSED</level>
  <class>com.kms.katalon.core.logging.XmlKeywordLogger</class>
  <method>logMessage</method>
  <thread>1</thread>
  <message>Object: &amp;apos;Object Repository/ME/span_Contact name&amp;apos; is clicked on</message>
  <nestedLevel>1</nestedLevel>
</record>
<record>
  <date>2019-10-31T10:28:14</date>
  <millis>1572510494729</millis>
  <sequence>246</sequence>
  <level>END</level>
  <class>com.kms.katalon.core.logging.XmlKeywordLogger</class>
  <method>endKeyword</method>
  <thread>1</thread>
  <message>End action : click(findTestObject(\&amp;quot;ME/span_Contact name\&amp;quot;), STOP_ON_FAILURE)</message>
  <nestedLevel>1</nestedLevel>
</record>
<record>
  <date>2019-10-31T10:28:14</date>
  <millis>1572510494730</millis>
  <sequence>247</sequence>
  <level>START</level>
  <class>com.kms.katalon.core.logging.XmlKeywordLogger</class>
  <method>startKeyword</method>
  <thread>1</thread>
  <message>Start action : setText(findTestObject(\&amp;quot;ME/input_Contact name\&amp;quot;), \&amp;quot;admin1\&amp;quot;)</message>
  <nestedLevel>1</nestedLevel>
  <property name="startLine">42</property>
  <property name="stepIndex">10</property>
</record>
<record>
  <date>2019-10-31T10:28:15</date>
  <millis>1572510495602</millis>
  <sequence>257</sequence>
  <level>PASSED</level>
  <class>com.kms.katalon.core.logging.XmlKeywordLogger</class>
  <method>logMessage</method>
  <thread>1</thread>
  <message>Text &amp;apos;admin1&amp;apos; is set on object &amp;apos;Object Repository/ME/input_Contact name&amp;apos;</message>
  <nestedLevel>1</nestedLevel>
</record>
<record>
  <date>2019-10-31T10:28:15</date>
  <millis>1572510495603</millis>
  <sequence>258</sequence>
  <level>END</level>
  <class>com.kms.katalon.core.logging.XmlKeywordLogger</class>
  <method>endKeyword</method>
  <thread>1</thread>
  <message>End action : setText(findTestObject(\&amp;quot;ME/input_Contact name\&amp;quot;), \&amp;quot;admin1\&amp;quot;)</message>
  <nestedLevel>1</nestedLevel>
</record>
<record>
  <date>2019-10-31T10:28:15</date>
  <millis>1572510495603</millis>
  <sequence>259</sequence>
  <level>START</level>
  <class>com.kms.katalon.core.logging.XmlKeywordLogger</class>
  <method>startKeyword</method>
  <thread>1</thread>
  <message>Start action : sendKeys(findTestObject(\&amp;quot;ME/input_Contact name\&amp;quot;), Keys.chord(ENTER))</message>
  <nestedLevel>1</nestedLevel>
  <property name="startLine">44</property>
  <property name="stepIndex">11</property>
</record>
<record>
  <date>2019-10-31T10:28:16</date>
  <millis>1572510496311</millis>
  <sequence>266</sequence>
  <level>PASSED</level>
  <class>com.kms.katalon.core.logging.XmlKeywordLogger</class>
  <method>logMessage</method>
  <thread>1</thread>
  <message>Keys &amp;apos;ENTER + &amp;apos; sent to object: &amp;apos;Object Repository/ME/input_Contact name&amp;apos;</message>
  <nestedLevel>1</nestedLevel>
</record>
<record>
  <date>2019-10-31T10:28:16</date>
  <millis>1572510496312</millis>
  <sequence>267</sequence>
  <level>END</level>
  <class>com.kms.katalon.core.logging.XmlKeywordLogger</class>
  <method>endKeyword</method>
  <thread>1</thread>
  <message>End action : sendKeys(findTestObject(\&amp;quot;ME/input_Contact name\&amp;quot;), Keys.chord(ENTER))</message>
  <nestedLevel>1</nestedLevel>
</record>
<record>
  <date>2019-10-31T10:28:16</date>
  <millis>1572510496312</millis>
  <sequence>268</sequence>
  <level>START</level>
  <class>com.kms.katalon.core.logging.XmlKeywordLogger</class>
  <method>startKeyword</method>
  <thread>1</thread>
  <message>Start action : selectOptionByValue(findTestObject(\&amp;quot;ME/select_Meeting\&amp;quot;), findTestData(\&amp;quot;DropDowns\&amp;quot;).getValue(2, 1), false)</message>
  <nestedLevel>1</nestedLevel>
  <property name="startLine">46</property>
  <property name="stepIndex">12</property>
</record>
<record>
  <date>2019-10-31T10:28:17</date>
  <millis>1572510497323</millis>
  <sequence>280</sequence>
  <level>PASSED</level>
  <class>com.kms.katalon.core.logging.XmlKeywordLogger</class>
  <method>logMessage</method>
  <thread>1</thread>
  <message>All options with value &amp;apos;Meeting&amp;apos; are selected in object &amp;apos;Object Repository/ME/select_Meeting&amp;apos; </message>
  <nestedLevel>1</nestedLevel>
</record>
<record>
  <date>2019-10-31T10:28:17</date>
  <millis>1572510497323</millis>
  <sequence>281</sequence>
  <level>END</level>
  <class>com.kms.katalon.core.logging.XmlKeywordLogger</class>
  <method>endKeyword</method>
  <thread>1</thread>
  <message>End action : selectOptionByValue(findTestObject(\&amp;quot;ME/select_Meeting\&amp;quot;), findTestData(\&amp;quot;DropDowns\&amp;quot;).getValue(2, 1), false)</message>
  <nestedLevel>1</nestedLevel>
</record>
<record>
  <date>2019-10-31T10:28:17</date>
  <millis>1572510497324</millis>
  <sequence>282</sequence>
  <level>START</level>
  <class>com.kms.katalon.core.logging.XmlKeywordLogger</class>
  <method>startKeyword</method>
  <thread>1</thread>
  <message>Start action : selectOptionByValue(findTestObject(\&amp;quot;ME/select_Deal\&amp;quot;), findTestData(\&amp;quot;DropDowns\&amp;quot;).getValue(3, 1), false)</message>
  <nestedLevel>1</nestedLevel>
  <property name="startLine">48</property>
  <property name="stepIndex">13</property>
</record>
<record>
  <date>2019-10-31T10:28:19</date>
  <millis>1572510499336</millis>
  <sequence>294</sequence>
  <level>PASSED</level>
  <class>com.kms.katalon.core.logging.XmlKeywordLogger</class>
  <method>logMessage</method>
  <thread>1</thread>
  <message>All options with value &amp;apos;New Deal&amp;apos; are selected in object &amp;apos;Object Repository/ME/select_Deal&amp;apos; </message>
  <nestedLevel>1</nestedLevel>
</record>
<record>
  <date>2019-10-31T10:28:19</date>
  <millis>1572510499336</millis>
  <sequence>295</sequence>
  <level>END</level>
  <class>com.kms.katalon.core.logging.XmlKeywordLogger</class>
  <method>endKeyword</method>
  <thread>1</thread>
  <message>End action : selectOptionByValue(findTestObject(\&amp;quot;ME/select_Deal\&amp;quot;), findTestData(\&amp;quot;DropDowns\&amp;quot;).getValue(3, 1), false)</message>
  <nestedLevel>1</nestedLevel>
</record>
<record>
  <date>2019-10-31T10:28:19</date>
  <millis>1572510499337</millis>
  <sequence>296</sequence>
  <level>START</level>
  <class>com.kms.katalon.core.logging.XmlKeywordLogger</class>
  <method>startKeyword</method>
  <thread>1</thread>
  <message>Start action : selectOptionByValue(findTestObject(\&amp;quot;ME/select_Location\&amp;quot;), findTestData(\&amp;quot;DropDowns\&amp;quot;).getValue(4, 1), false)</message>
  <nestedLevel>1</nestedLevel>
  <property name="startLine">50</property>
  <property name="stepIndex">14</property>
</record>
<record>
  <date>2019-10-31T10:28:20</date>
  <millis>1572510500713</millis>
  <sequence>308</sequence>
  <level>PASSED</level>
  <class>com.kms.katalon.core.logging.XmlKeywordLogger</class>
  <method>logMessage</method>
  <thread>1</thread>
  <message>All options with value &amp;apos;Own Office&amp;apos; are selected in object &amp;apos;Object Repository/ME/select_Location&amp;apos; </message>
  <nestedLevel>1</nestedLevel>
</record>
<record>
  <date>2019-10-31T10:28:20</date>
  <millis>1572510500714</millis>
  <sequence>309</sequence>
  <level>END</level>
  <class>com.kms.katalon.core.logging.XmlKeywordLogger</class>
  <method>endKeyword</method>
  <thread>1</thread>
  <message>End action : selectOptionByValue(findTestObject(\&amp;quot;ME/select_Location\&amp;quot;), findTestData(\&amp;quot;DropDowns\&amp;quot;).getValue(4, 1), false)</message>
  <nestedLevel>1</nestedLevel>
</record>
<record>
  <date>2019-10-31T10:28:20</date>
  <millis>1572510500714</millis>
  <sequence>310</sequence>
  <level>START</level>
  <class>com.kms.katalon.core.logging.XmlKeywordLogger</class>
  <method>startKeyword</method>
  <thread>1</thread>
  <message>Start action : selectOptionByValue(findTestObject(\&amp;quot;ME/select_Opportunity\&amp;quot;), findTestData(\&amp;quot;DropDowns\&amp;quot;).getValue(5, 1), false)</message>
  <nestedLevel>1</nestedLevel>
  <property name="startLine">52</property>
  <property name="stepIndex">15</property>
</record>
<record>
  <date>2019-10-31T10:28:21</date>
  <millis>1572510501774</millis>
  <sequence>322</sequence>
  <level>PASSED</level>
  <class>com.kms.katalon.core.logging.XmlKeywordLogger</class>
  <method>logMessage</method>
  <thread>1</thread>
  <message>All options with value &amp;apos;High&amp;apos; are selected in object &amp;apos;Object Repository/ME/select_Opportunity&amp;apos; </message>
  <nestedLevel>1</nestedLevel>
</record>
<record>
  <date>2019-10-31T10:28:21</date>
  <millis>1572510501775</millis>
  <sequence>323</sequence>
  <level>END</level>
  <class>com.kms.katalon.core.logging.XmlKeywordLogger</class>
  <method>endKeyword</method>
  <thread>1</thread>
  <message>End action : selectOptionByValue(findTestObject(\&amp;quot;ME/select_Opportunity\&amp;quot;), findTestData(\&amp;quot;DropDowns\&amp;quot;).getValue(5, 1), false)</message>
  <nestedLevel>1</nestedLevel>
</record>
<record>
  <date>2019-10-31T10:28:21</date>
  <millis>1572510501775</millis>
  <sequence>324</sequence>
  <level>START</level>
  <class>com.kms.katalon.core.logging.XmlKeywordLogger</class>
  <method>startKeyword</method>
  <thread>1</thread>
  <message>Start action : selectOptionByValue(findTestObject(\&amp;quot;ME/select_Purpose\&amp;quot;), findTestData(\&amp;quot;DropDowns\&amp;quot;).getValue(6, 1), false)</message>
  <nestedLevel>1</nestedLevel>
  <property name="startLine">54</property>
  <property name="stepIndex">16</property>
</record>
<record>
  <date>2019-10-31T10:28:22</date>
  <millis>1572510502770</millis>
  <sequence>336</sequence>
  <level>PASSED</level>
  <class>com.kms.katalon.core.logging.XmlKeywordLogger</class>
  <method>logMessage</method>
  <thread>1</thread>
  <message>All options with value &amp;apos;Offer&amp;apos; are selected in object &amp;apos;Object Repository/ME/select_Purpose&amp;apos; </message>
  <nestedLevel>1</nestedLevel>
</record>
<record>
  <date>2019-10-31T10:28:22</date>
  <millis>1572510502771</millis>
  <sequence>337</sequence>
  <level>END</level>
  <class>com.kms.katalon.core.logging.XmlKeywordLogger</class>
  <method>endKeyword</method>
  <thread>1</thread>
  <message>End action : selectOptionByValue(findTestObject(\&amp;quot;ME/select_Purpose\&amp;quot;), findTestData(\&amp;quot;DropDowns\&amp;quot;).getValue(6, 1), false)</message>
  <nestedLevel>1</nestedLevel>
</record>
<record>
  <date>2019-10-31T10:28:22</date>
  <millis>1572510502771</millis>
  <sequence>338</sequence>
  <level>START</level>
  <class>com.kms.katalon.core.logging.XmlKeywordLogger</class>
  <method>startKeyword</method>
  <thread>1</thread>
  <message>Start action : dateCurrent = dates.DateGenerate.date()</message>
  <nestedLevel>1</nestedLevel>
  <property name="startLine">56</property>
  <property name="stepIndex">17</property>
</record>
<record>
  <date>2019-10-31T10:28:22</date>
  <millis>1572510502792</millis>
  <sequence>339</sequence>
  <level>PASSED</level>
  <class>com.kms.katalon.core.logging.XmlKeywordLogger</class>
  <method>logMessage</method>
  <thread>1</thread>
  <message>dates.DateGenerate.date is PASSED</message>
  <nestedLevel>1</nestedLevel>
</record>
<record>
  <date>2019-10-31T10:28:22</date>
  <millis>1572510502793</millis>
  <sequence>340</sequence>
  <level>END</level>
  <class>com.kms.katalon.core.logging.XmlKeywordLogger</class>
  <method>endKeyword</method>
  <thread>1</thread>
  <message>End action : dateCurrent = dates.DateGenerate.date()</message>
  <nestedLevel>1</nestedLevel>
</record>
<record>
  <date>2019-10-31T10:28:22</date>
  <millis>1572510502793</millis>
  <sequence>341</sequence>
  <level>START</level>
  <class>com.kms.katalon.core.logging.XmlKeywordLogger</class>
  <method>startKeyword</method>
  <thread>1</thread>
  <message>Start action : setText(findTestObject(\&amp;quot;Object Repository/ME/DatePick/input_Meeting date\&amp;quot;), dateCurrent, STOP_ON_FAILURE)</message>
  <nestedLevel>1</nestedLevel>
  <property name="startLine">58</property>
  <property name="stepIndex">18</property>
</record>
<record>
  <date>2019-10-31T10:28:23</date>
  <millis>1572510503616</millis>
  <sequence>351</sequence>
  <level>PASSED</level>
  <class>com.kms.katalon.core.logging.XmlKeywordLogger</class>
  <method>logMessage</method>
  <thread>1</thread>
  <message>Text &amp;apos;2019-10-31&amp;apos; is set on object &amp;apos;Object Repository/ME/DatePick/input_Meeting date&amp;apos;</message>
  <nestedLevel>1</nestedLevel>
</record>
<record>
  <date>2019-10-31T10:28:23</date>
  <millis>1572510503617</millis>
  <sequence>352</sequence>
  <level>END</level>
  <class>com.kms.katalon.core.logging.XmlKeywordLogger</class>
  <method>endKeyword</method>
  <thread>1</thread>
  <message>End action : setText(findTestObject(\&amp;quot;Object Repository/ME/DatePick/input_Meeting date\&amp;quot;), dateCurrent, STOP_ON_FAILURE)</message>
  <nestedLevel>1</nestedLevel>
</record>
<record>
  <date>2019-10-31T10:28:23</date>
  <millis>1572510503618</millis>
  <sequence>353</sequence>
  <level>START</level>
  <class>com.kms.katalon.core.logging.XmlKeywordLogger</class>
  <method>startKeyword</method>
  <thread>1</thread>
  <message>Start action : waitForElementVisible(findTestObject(\&amp;quot;ME/Client Products/span_Client interested in products\&amp;quot;), 5)</message>
  <nestedLevel>1</nestedLevel>
  <property name="startLine">60</property>
  <property name="stepIndex">19</property>
</record>
<record>
  <date>2019-10-31T10:28:24</date>
  <millis>1572510504292</millis>
  <sequence>361</sequence>
  <level>PASSED</level>
  <class>com.kms.katalon.core.logging.XmlKeywordLogger</class>
  <method>logMessage</method>
  <thread>1</thread>
  <message>Object &amp;apos;Object Repository/ME/Client Products/span_Client interested in products&amp;apos; is visible</message>
  <nestedLevel>1</nestedLevel>
</record>
<record>
  <date>2019-10-31T10:28:24</date>
  <millis>1572510504292</millis>
  <sequence>362</sequence>
  <level>END</level>
  <class>com.kms.katalon.core.logging.XmlKeywordLogger</class>
  <method>endKeyword</method>
  <thread>1</thread>
  <message>End action : waitForElementVisible(findTestObject(\&amp;quot;ME/Client Products/span_Client interested in products\&amp;quot;), 5)</message>
  <nestedLevel>1</nestedLevel>
</record>
<record>
  <date>2019-10-31T10:28:24</date>
  <millis>1572510504293</millis>
  <sequence>363</sequence>
  <level>START</level>
  <class>com.kms.katalon.core.logging.XmlKeywordLogger</class>
  <method>startKeyword</method>
  <thread>1</thread>
  <message>Start action : setText(findTestObject(\&amp;quot;ME/Client Products/input_Quantty\&amp;quot;), \&amp;quot;5\&amp;quot;)</message>
  <nestedLevel>1</nestedLevel>
  <property name="startLine">62</property>
  <property name="stepIndex">20</property>
</record>
<record>
  <date>2019-10-31T10:28:24</date>
  <millis>1572510504710</millis>
  <sequence>373</sequence>
  <level>PASSED</level>
  <class>com.kms.katalon.core.logging.XmlKeywordLogger</class>
  <method>logMessage</method>
  <thread>1</thread>
  <message>Text &amp;apos;5&amp;apos; is set on object &amp;apos;Object Repository/ME/Client Products/input_Quantty&amp;apos;</message>
  <nestedLevel>1</nestedLevel>
</record>
<record>
  <date>2019-10-31T10:28:24</date>
  <millis>1572510504711</millis>
  <sequence>374</sequence>
  <level>END</level>
  <class>com.kms.katalon.core.logging.XmlKeywordLogger</class>
  <method>endKeyword</method>
  <thread>1</thread>
  <message>End action : setText(findTestObject(\&amp;quot;ME/Client Products/input_Quantty\&amp;quot;), \&amp;quot;5\&amp;quot;)</message>
  <nestedLevel>1</nestedLevel>
</record>
<record>
  <date>2019-10-31T10:28:24</date>
  <millis>1572510504711</millis>
  <sequence>375</sequence>
  <level>START</level>
  <class>com.kms.katalon.core.logging.XmlKeywordLogger</class>
  <method>startKeyword</method>
  <thread>1</thread>
  <message>Start action : click(findTestObject(\&amp;quot;ME/Client Products/span_Select material\&amp;quot;))</message>
  <nestedLevel>1</nestedLevel>
  <property name="startLine">64</property>
  <property name="stepIndex">21</property>
</record>
<record>
  <date>2019-10-31T10:28:25</date>
  <millis>1572510505567</millis>
  <sequence>384</sequence>
  <level>PASSED</level>
  <class>com.kms.katalon.core.logging.XmlKeywordLogger</class>
  <method>logMessage</method>
  <thread>1</thread>
  <message>Object: &amp;apos;Object Repository/ME/Client Products/span_Select material&amp;apos; is clicked on</message>
  <nestedLevel>1</nestedLevel>
</record>
<record>
  <date>2019-10-31T10:28:25</date>
  <millis>1572510505568</millis>
  <sequence>385</sequence>
  <level>END</level>
  <class>com.kms.katalon.core.logging.XmlKeywordLogger</class>
  <method>endKeyword</method>
  <thread>1</thread>
  <message>End action : click(findTestObject(\&amp;quot;ME/Client Products/span_Select material\&amp;quot;))</message>
  <nestedLevel>1</nestedLevel>
</record>
<record>
  <date>2019-10-31T10:28:25</date>
  <millis>1572510505568</millis>
  <sequence>386</sequence>
  <level>START</level>
  <class>com.kms.katalon.core.logging.XmlKeywordLogger</class>
  <method>startKeyword</method>
  <thread>1</thread>
  <message>Start action : setText(findTestObject(\&amp;quot;ME/Client Products/input_Materials\&amp;quot;), findTestData(\&amp;quot;Materials\&amp;quot;).getValue(1, 1))</message>
  <nestedLevel>1</nestedLevel>
  <property name="startLine">66</property>
  <property name="stepIndex">22</property>
</record>
<record>
  <date>2019-10-31T10:28:25</date>
  <millis>1572510505671</millis>
  <sequence>392</sequence>
  <level>RUN_DATA</level>
  <class>com.kms.katalon.core.logging.XmlKeywordLogger</class>
  <method>logMessage</method>
  <thread>1</thread>
  <message>dbServerInfo = PostgreSQL 9.6.10</message>
  <nestedLevel>1</nestedLevel>
  <property name="dbServerInfo">PostgreSQL 9.6.10</property>
</record>
<record>
  <date>2019-10-31T10:28:27</date>
  <millis>1572510507444</millis>
  <sequence>401</sequence>
  <level>PASSED</level>
  <class>com.kms.katalon.core.logging.XmlKeywordLogger</class>
  <method>logMessage</method>
  <thread>1</thread>
  <message>Text &amp;apos;EM Sauvignon Blanc PDO Nova Zagora &amp;apos; is set on object &amp;apos;Object Repository/ME/Client Products/input_Materials&amp;apos;</message>
  <nestedLevel>1</nestedLevel>
</record>
<record>
  <date>2019-10-31T10:28:27</date>
  <millis>1572510507445</millis>
  <sequence>402</sequence>
  <level>END</level>
  <class>com.kms.katalon.core.logging.XmlKeywordLogger</class>
  <method>endKeyword</method>
  <thread>1</thread>
  <message>End action : setText(findTestObject(\&amp;quot;ME/Client Products/input_Materials\&amp;quot;), findTestData(\&amp;quot;Materials\&amp;quot;).getValue(1, 1))</message>
  <nestedLevel>1</nestedLevel>
</record>
<record>
  <date>2019-10-31T10:28:27</date>
  <millis>1572510507445</millis>
  <sequence>403</sequence>
  <level>START</level>
  <class>com.kms.katalon.core.logging.XmlKeywordLogger</class>
  <method>startKeyword</method>
  <thread>1</thread>
  <message>Start action : sendKeys(findTestObject(\&amp;quot;ME/Client Products/input_Materials\&amp;quot;), Keys.chord(ENTER))</message>
  <nestedLevel>1</nestedLevel>
  <property name="startLine">68</property>
  <property name="stepIndex">23</property>
</record>
<record>
  <date>2019-10-31T10:28:28</date>
  <millis>1572510508386</millis>
  <sequence>410</sequence>
  <level>PASSED</level>
  <class>com.kms.katalon.core.logging.XmlKeywordLogger</class>
  <method>logMessage</method>
  <thread>1</thread>
  <message>Keys &amp;apos;ENTER + &amp;apos; sent to object: &amp;apos;Object Repository/ME/Client Products/input_Materials&amp;apos;</message>
  <nestedLevel>1</nestedLevel>
</record>
<record>
  <date>2019-10-31T10:28:28</date>
  <millis>1572510508386</millis>
  <sequence>411</sequence>
  <level>END</level>
  <class>com.kms.katalon.core.logging.XmlKeywordLogger</class>
  <method>endKeyword</method>
  <thread>1</thread>
  <message>End action : sendKeys(findTestObject(\&amp;quot;ME/Client Products/input_Materials\&amp;quot;), Keys.chord(ENTER))</message>
  <nestedLevel>1</nestedLevel>
</record>
<record>
  <date>2019-10-31T10:28:28</date>
  <millis>1572510508386</millis>
  <sequence>412</sequence>
  <level>START</level>
  <class>com.kms.katalon.core.logging.XmlKeywordLogger</class>
  <method>startKeyword</method>
  <thread>1</thread>
  <message>Start action : selectOptionByValue(findTestObject(\&amp;quot;ME/Client Products/select_DealTypeForMaterial\&amp;quot;), findTestData(\&amp;quot;DropDowns\&amp;quot;).getValue(7, 1), false)</message>
  <nestedLevel>1</nestedLevel>
  <property name="startLine">70</property>
  <property name="stepIndex">24</property>
</record>
<record>
  <date>2019-10-31T10:28:29</date>
  <millis>1572510509680</millis>
  <sequence>424</sequence>
  <level>PASSED</level>
  <class>com.kms.katalon.core.logging.XmlKeywordLogger</class>
  <method>logMessage</method>
  <thread>1</thread>
  <message>All options with value &amp;apos;Sale&amp;apos; are selected in object &amp;apos;Object Repository/ME/Client Products/select_DealTypeForMaterial&amp;apos; </message>
  <nestedLevel>1</nestedLevel>
</record>
<record>
  <date>2019-10-31T10:28:29</date>
  <millis>1572510509681</millis>
  <sequence>425</sequence>
  <level>END</level>
  <class>com.kms.katalon.core.logging.XmlKeywordLogger</class>
  <method>endKeyword</method>
  <thread>1</thread>
  <message>End action : selectOptionByValue(findTestObject(\&amp;quot;ME/Client Products/select_DealTypeForMaterial\&amp;quot;), findTestData(\&amp;quot;DropDowns\&amp;quot;).getValue(7, 1), false)</message>
  <nestedLevel>1</nestedLevel>
</record>
<record>
  <date>2019-10-31T10:28:29</date>
  <millis>1572510509682</millis>
  <sequence>426</sequence>
  <level>START</level>
  <class>com.kms.katalon.core.logging.XmlKeywordLogger</class>
  <method>startKeyword</method>
  <thread>1</thread>
  <message>Start action : dateFuture = dates.DateGenerate.dateWeek()</message>
  <nestedLevel>1</nestedLevel>
  <property name="startLine">73</property>
  <property name="stepIndex">25</property>
</record>
<record>
  <date>2019-10-31T10:28:29</date>
  <millis>1572510509685</millis>
  <sequence>427</sequence>
  <level>PASSED</level>
  <class>com.kms.katalon.core.logging.XmlKeywordLogger</class>
  <method>logMessage</method>
  <thread>1</thread>
  <message>dates.DateGenerate.dateWeek is PASSED</message>
  <nestedLevel>1</nestedLevel>
</record>
<record>
  <date>2019-10-31T10:28:29</date>
  <millis>1572510509686</millis>
  <sequence>428</sequence>
  <level>END</level>
  <class>com.kms.katalon.core.logging.XmlKeywordLogger</class>
  <method>endKeyword</method>
  <thread>1</thread>
  <message>End action : dateFuture = dates.DateGenerate.dateWeek()</message>
  <nestedLevel>1</nestedLevel>
</record>
<record>
  <date>2019-10-31T10:28:29</date>
  <millis>1572510509686</millis>
  <sequence>429</sequence>
  <level>START</level>
  <class>com.kms.katalon.core.logging.XmlKeywordLogger</class>
  <method>startKeyword</method>
  <thread>1</thread>
  <message>Start action : setText(findTestObject(\&amp;quot;ME/Client Products/input_Prefer Delivery Date\&amp;quot;), dateFuture)</message>
  <nestedLevel>1</nestedLevel>
  <property name="startLine">75</property>
  <property name="stepIndex">26</property>
</record>
<record>
  <date>2019-10-31T10:28:29</date>
  <millis>1572510509687</millis>
  <sequence>430</sequence>
  <level>NOT_RUN</level>
  <class>com.kms.katalon.core.logging.XmlKeywordLogger</class>
  <method>logMessage</method>
  <thread>1</thread>
  <message>NOT_RUN: setText(findTestObject(\&amp;quot;ME/Client Products/input_Prefer Delivery Date\&amp;quot;), dateFuture)</message>
  <nestedLevel>1</nestedLevel>
</record>
<record>
  <date>2019-10-31T10:28:29</date>
  <millis>1572510509688</millis>
  <sequence>431</sequence>
  <level>END</level>
  <class>com.kms.katalon.core.logging.XmlKeywordLogger</class>
  <method>endKeyword</method>
  <thread>1</thread>
  <message>End action : setText(findTestObject(\&amp;quot;ME/Client Products/input_Prefer Delivery Date\&amp;quot;), dateFuture)</message>
  <nestedLevel>1</nestedLevel>
</record>
<record>
  <date>2019-10-31T10:28:29</date>
  <millis>1572510509688</millis>
  <sequence>432</sequence>
  <level>START</level>
  <class>com.kms.katalon.core.logging.XmlKeywordLogger</class>
  <method>startKeyword</method>
  <thread>1</thread>
  <message>Start action : setText(findTestObject(\&amp;quot;ME/textarea_Comment\&amp;quot;), \&amp;quot;This will be from VENDOR ONLY\&amp;quot;)</message>
  <nestedLevel>1</nestedLevel>
  <property name="startLine">77</property>
  <property name="stepIndex">27</property>
</record>
<record>
  <date>2019-10-31T10:28:30</date>
  <millis>1572510510679</millis>
  <sequence>442</sequence>
  <level>PASSED</level>
  <class>com.kms.katalon.core.logging.XmlKeywordLogger</class>
  <method>logMessage</method>
  <thread>1</thread>
  <message>Text &amp;apos;This will be from VENDOR ONLY&amp;apos; is set on object &amp;apos;Object Repository/ME/textarea_Comment&amp;apos;</message>
  <nestedLevel>1</nestedLevel>
</record>
<record>
  <date>2019-10-31T10:28:30</date>
  <millis>1572510510680</millis>
  <sequence>443</sequence>
  <level>END</level>
  <class>com.kms.katalon.core.logging.XmlKeywordLogger</class>
  <method>endKeyword</method>
  <thread>1</thread>
  <message>End action : setText(findTestObject(\&amp;quot;ME/textarea_Comment\&amp;quot;), \&amp;quot;This will be from VENDOR ONLY\&amp;quot;)</message>
  <nestedLevel>1</nestedLevel>
</record>
<record>
  <date>2019-10-31T10:28:30</date>
  <millis>1572510510680</millis>
  <sequence>444</sequence>
  <level>START</level>
  <class>com.kms.katalon.core.logging.XmlKeywordLogger</class>
  <method>startKeyword</method>
  <thread>1</thread>
  <message>Start action : scrollToElement(findTestObject(\&amp;quot;ME/button_Create Offer\&amp;quot;), 20)</message>
  <nestedLevel>1</nestedLevel>
  <property name="startLine">79</property>
  <property name="stepIndex">28</property>
</record>
<record>
  <date>2019-10-31T10:28:31</date>
  <millis>1572510511363</millis>
  <sequence>453</sequence>
  <level>PASSED</level>
  <class>com.kms.katalon.core.logging.XmlKeywordLogger</class>
  <method>logMessage</method>
  <thread>1</thread>
  <message>Scroll to object &amp;apos;Object Repository/ME/button_Create Offer&amp;apos; successfully</message>
  <nestedLevel>1</nestedLevel>
</record>
<record>
  <date>2019-10-31T10:28:31</date>
  <millis>1572510511364</millis>
  <sequence>454</sequence>
  <level>END</level>
  <class>com.kms.katalon.core.logging.XmlKeywordLogger</class>
  <method>endKeyword</method>
  <thread>1</thread>
  <message>End action : scrollToElement(findTestObject(\&amp;quot;ME/button_Create Offer\&amp;quot;), 20)</message>
  <nestedLevel>1</nestedLevel>
</record>
<record>
  <date>2019-10-31T10:28:31</date>
  <millis>1572510511364</millis>
  <sequence>455</sequence>
  <level>START</level>
  <class>com.kms.katalon.core.logging.XmlKeywordLogger</class>
  <method>startKeyword</method>
  <thread>1</thread>
  <message>Start action : click(findTestObject(\&amp;quot;ME/button_Create Offer\&amp;quot;))</message>
  <nestedLevel>1</nestedLevel>
  <property name="startLine">81</property>
  <property name="stepIndex">29</property>
</record>
<record>
  <date>2019-10-31T10:28:31</date>
  <millis>1572510511788</millis>
  <sequence>464</sequence>
  <level>PASSED</level>
  <class>com.kms.katalon.core.logging.XmlKeywordLogger</class>
  <method>logMessage</method>
  <thread>1</thread>
  <message>Object: &amp;apos;Object Repository/ME/button_Create Offer&amp;apos; is clicked on</message>
  <nestedLevel>1</nestedLevel>
</record>
<record>
  <date>2019-10-31T10:28:31</date>
  <millis>1572510511789</millis>
  <sequence>465</sequence>
  <level>END</level>
  <class>com.kms.katalon.core.logging.XmlKeywordLogger</class>
  <method>endKeyword</method>
  <thread>1</thread>
  <message>End action : click(findTestObject(\&amp;quot;ME/button_Create Offer\&amp;quot;))</message>
  <nestedLevel>1</nestedLevel>
</record>
<record>
  <date>2019-10-31T10:28:31</date>
  <millis>1572510511789</millis>
  <sequence>466</sequence>
  <level>START</level>
  <class>com.kms.katalon.core.logging.XmlKeywordLogger</class>
  <method>startKeyword</method>
  <thread>1</thread>
  <message>Start action : waitForElementNotVisible(findTestObject(\&amp;quot;Waiters/WaitLoadingAnim_Element\&amp;quot;), 20)</message>
  <nestedLevel>1</nestedLevel>
  <property name="startLine">83</property>
  <property name="stepIndex">30</property>
</record>
<record>
  <date>2019-10-31T10:28:31</date>
  <millis>1572510511984</millis>
  <sequence>474</sequence>
  <level>PASSED</level>
  <class>com.kms.katalon.core.logging.XmlKeywordLogger</class>
  <method>logMessage</method>
  <thread>1</thread>
  <message>Object &amp;apos;Object Repository/Waiters/WaitLoadingAnim_Element&amp;apos; is NOT visible</message>
  <nestedLevel>1</nestedLevel>
</record>
<record>
  <date>2019-10-31T10:28:31</date>
  <millis>1572510511985</millis>
  <sequence>475</sequence>
  <level>END</level>
  <class>com.kms.katalon.core.logging.XmlKeywordLogger</class>
  <method>endKeyword</method>
  <thread>1</thread>
  <message>End action : waitForElementNotVisible(findTestObject(\&amp;quot;Waiters/WaitLoadingAnim_Element\&amp;quot;), 20)</message>
  <nestedLevel>1</nestedLevel>
</record>
<record>
  <date>2019-10-31T10:28:31</date>
  <millis>1572510511985</millis>
  <sequence>476</sequence>
  <level>START</level>
  <class>com.kms.katalon.core.logging.XmlKeywordLogger</class>
  <method>startKeyword</method>
  <thread>1</thread>
  <message>Start action : scrollToPosition(0, 0)</message>
  <nestedLevel>1</nestedLevel>
  <property name="startLine">85</property>
  <property name="stepIndex">31</property>
</record>
<record>
  <date>2019-10-31T10:28:32</date>
  <millis>1572510512022</millis>
  <sequence>480</sequence>
  <level>PASSED</level>
  <class>com.kms.katalon.core.logging.XmlKeywordLogger</class>
  <method>logMessage</method>
  <thread>1</thread>
  <message>Browser is scrolled to position x = 0, y = 0</message>
  <nestedLevel>1</nestedLevel>
</record>
<record>
  <date>2019-10-31T10:28:32</date>
  <millis>1572510512022</millis>
  <sequence>481</sequence>
  <level>END</level>
  <class>com.kms.katalon.core.logging.XmlKeywordLogger</class>
  <method>endKeyword</method>
  <thread>1</thread>
  <message>End action : scrollToPosition(0, 0)</message>
  <nestedLevel>1</nestedLevel>
</record>
<record>
  <date>2019-10-31T10:28:32</date>
  <millis>1572510512022</millis>
  <sequence>482</sequence>
  <level>PASSED</level>
  <class>com.kms.katalon.core.logging.XmlKeywordLogger</class>
  <method>logMessage</method>
  <thread>1</thread>
  <message>Test Cases/SD FLOW Advance Pay/SD FLOW from VENDOR/SD FLOW_Meeting_Vendor</message>
  <nestedLevel>1</nestedLevel>
</record>
<record>
  <date>2019-10-31T10:28:32</date>
  <millis>1572510512023</millis>
  <sequence>483</sequence>
  <level>END</level>
  <class>com.kms.katalon.core.logging.XmlKeywordLogger</class>
  <method>endTest</method>
  <thread>1</thread>
  <message>End Test Case : Test Cases/SD FLOW Advance Pay/SD FLOW from VENDOR/SD FLOW_Meeting_Vendor</message>
  <nestedLevel>0</nestedLevel>
</record>
<record>
  <date>2019-10-31T10:28:32</date>
  <millis>1572510512029</millis>
  <sequence>484</sequence>
  <level>START</level>
  <class>com.kms.katalon.core.logging.XmlKeywordLogger</class>
  <method>startTest</method>
  <thread>1</thread>
  <message>Start Test Case : Test Cases/SD FLOW Advance Pay/SD FLOW from VENDOR/SD FLOW_Offer</message>
  <nestedLevel>1</nestedLevel>
  <property name="name">Test Cases/SD FLOW Advance Pay/SD FLOW from VENDOR/SD FLOW_Offer</property>
  <property name="description"></property>
  <property name="id">Test Cases/SD FLOW Advance Pay/SD FLOW from VENDOR/SD FLOW_Offer</property>
  <property name="source">C:\\Users\\daniel.donose\\git\\GAS_V4\\Test Cases\\SD FLOW Advance Pay\\SD FLOW from VENDOR\\SD FLOW_Offer.tc</property>
  <property name="tag"></property>
  <property name="isOptional">false</property>
</record>
<record>
  <date>2019-10-31T10:28:32</date>
  <millis>1572510512119</millis>
  <sequence>490</sequence>
  <level>RUN_DATA</level>
  <class>com.kms.katalon.core.logging.XmlKeywordLogger</class>
  <method>logMessage</method>
  <thread>1</thread>
  <message>dbServerInfo = PostgreSQL 9.6.10</message>
  <nestedLevel>1</nestedLevel>
  <property name="dbServerInfo">PostgreSQL 9.6.10</property>
</record>
<record>
  <date>2019-10-31T10:28:32</date>
  <millis>1572510512151</millis>
  <sequence>492</sequence>
  <level>WARNING</level>
  <class>com.kms.katalon.core.logging.XmlKeywordLogger</class>
  <method>logMessage</method>
  <thread>1</thread>
  <message>Unable to set variable &amp;apos;Warehouse&amp;apos; for test case because (of) Invalid row index 44 for test data &amp;apos;jdbc:postgresql://10.120.1.4:5432/gas_web7&amp;apos;. Row index must be between 1..3</message>
  <nestedLevel>1</nestedLevel>
  <property name="failed.exception.class">java.lang.IllegalArgumentException</property>
  <property name="failed.exception.stacktrace">java.lang.IllegalArgumentException: Invalid row index 44 for test data &apos;jdbc:postgresql://10.120.1.4:5432/gas_web7&apos;. Row index must be between 1..3\r\n\tat com.kms.katalon.core.testdata.AbstractTestData.verifyRowIndex(AbstractTestData.java:54)\r\n\tat com.kms.katalon.core.testdata.AbstractTestData.getObjectValue(AbstractTestData.java:121)\r\n\tat com.kms.katalon.core.testdata.AbstractTestData.getValue(AbstractTestData.java:94)\r\n\tat com.kms.katalon.core.testdata.TestData$getValue.call(Unknown Source)\r\n\tat Script25.run(Script25.groovy:1)\r\n\tat com.kms.katalon.core.main.ScriptEngine.runScriptWithoutLogging(ScriptEngine.java:105)\r\n\tat com.kms.katalon.core.main.TestCaseExecutor.lambda$0(TestCaseExecutor.java:390)\r\n\tat com.kms.katalon.core.main.TestCaseExecutor.collectTestCaseVariables(TestCaseExecutor.java:377)\r\n\tat com.kms.katalon.core.main.TestCaseExecutor.processScriptPreparationPhase(TestCaseExecutor.java:147)\r\n\tat com.kms.katalon.core.main.TestCaseExecutor.execute(TestCaseExecutor.java:210)\r\n\tat com.kms.katalon.core.main.TestSuiteExecutor.accessTestCaseMainPhase(TestSuiteExecutor.java:169)\r\n\tat com.kms.katalon.core.main.TestSuiteExecutor.accessTestSuiteMainPhase(TestSuiteExecutor.java:142)\r\n\tat com.kms.katalon.core.main.TestSuiteExecutor.execute(TestSuiteExecutor.java:91)\r\n\tat com.kms.katalon.core.main.TestCaseMain.startTestSuite(TestCaseMain.java:157)\r\n\tat com.kms.katalon.core.main.TestCaseMain$startTestSuite$0.call(Unknown Source)\r\n\tat TempTestSuite1572510452897.run(TempTestSuite1572510452897.groovy:36)\r\n</property>
  <property name="failed.exception.message">Invalid row index 44 for test data &apos;jdbc:postgresql://10.120.1.4:5432/gas_web7&apos;. Row index must be between 1..3</property>
</record>
<record>
  <date>2019-10-31T10:28:32</date>
  <millis>1572510512504</millis>
  <sequence>493</sequence>
  <level>START</level>
  <class>com.kms.katalon.core.logging.XmlKeywordLogger</class>
  <method>startKeyword</method>
  <thread>1</thread>
  <message>Start action : waitForElementNotVisible(findTestObject(\&amp;quot;Waiters/WaitLoadingAnim_Element\&amp;quot;), 20)</message>
  <nestedLevel>1</nestedLevel>
  <property name="startLine">16</property>
  <property name="stepIndex">1</property>
</record>
<record>
  <date>2019-10-31T10:28:33</date>
  <millis>1572510513397</millis>
  <sequence>501</sequence>
  <level>PASSED</level>
  <class>com.kms.katalon.core.logging.XmlKeywordLogger</class>
  <method>logMessage</method>
  <thread>1</thread>
  <message>Object &amp;apos;Object Repository/Waiters/WaitLoadingAnim_Element&amp;apos; is NOT visible</message>
  <nestedLevel>1</nestedLevel>
</record>
<record>
  <date>2019-10-31T10:28:33</date>
  <millis>1572510513399</millis>
  <sequence>502</sequence>
  <level>END</level>
  <class>com.kms.katalon.core.logging.XmlKeywordLogger</class>
  <method>endKeyword</method>
  <thread>1</thread>
  <message>End action : waitForElementNotVisible(findTestObject(\&amp;quot;Waiters/WaitLoadingAnim_Element\&amp;quot;), 20)</message>
  <nestedLevel>1</nestedLevel>
</record>
<record>
  <date>2019-10-31T10:28:33</date>
  <millis>1572510513399</millis>
  <sequence>503</sequence>
  <level>START</level>
  <class>com.kms.katalon.core.logging.XmlKeywordLogger</class>
  <method>startKeyword</method>
  <thread>1</thread>
  <message>Start action : waitForElementVisible(findTestObject(\&amp;quot;Waiters/WaitButton_Element\&amp;quot;), 20, STOP_ON_FAILURE)</message>
  <nestedLevel>1</nestedLevel>
  <property name="startLine">18</property>
  <property name="stepIndex">2</property>
</record>
</log>