<?xml version="1.0" encoding="UTF-8" standalone="no"?>
<!DOCTYPE log SYSTEM "logger.dtd">
<log>
<record>
  <date>2019-11-22T15:58:53</date>
  <millis>1574431133156</millis>
  <sequence>0</sequence>
  <level>START</level>
  <class>com.kms.katalon.core.logging.XmlKeywordLogger</class>
  <method>startSuite</method>
  <thread>1</thread>
  <message>Start Test Suite : Test Suites/SD Flow ME-GR IDless</message>
  <nestedLevel>0</nestedLevel>
  <property name="name">SD Flow ME-GR IDless</property>
  <property name="description"></property>
  <property name="id">Test Suites/SD Flow ME-GR IDless</property>
</record>
<record>
  <date>2019-11-22T15:58:53</date>
  <millis>1574431133193</millis>
  <sequence>1</sequence>
  <level>RUN_DATA</level>
  <class>com.kms.katalon.core.logging.XmlKeywordLogger</class>
  <method>logMessage</method>
  <thread>1</thread>
  <message>hostName = daniel.donose - egt-danieldonose.egt.local</message>
  <nestedLevel>0</nestedLevel>
  <property name="hostName">daniel.donose - egt-danieldonose.egt.local</property>
</record>
<record>
  <date>2019-11-22T15:58:53</date>
  <millis>1574431133195</millis>
  <sequence>2</sequence>
  <level>RUN_DATA</level>
  <class>com.kms.katalon.core.logging.XmlKeywordLogger</class>
  <method>logMessage</method>
  <thread>1</thread>
  <message>os = Windows 10 64bit</message>
  <nestedLevel>0</nestedLevel>
  <property name="os">Windows 10 64bit</property>
</record>
<record>
  <date>2019-11-22T15:58:53</date>
  <millis>1574431133196</millis>
  <sequence>3</sequence>
  <level>RUN_DATA</level>
  <class>com.kms.katalon.core.logging.XmlKeywordLogger</class>
  <method>logMessage</method>
  <thread>1</thread>
  <message>hostAddress = 10.120.2.94</message>
  <nestedLevel>0</nestedLevel>
  <property name="hostAddress">10.120.2.94</property>
</record>
<record>
  <date>2019-11-22T15:58:53</date>
  <millis>1574431133205</millis>
  <sequence>4</sequence>
  <level>RUN_DATA</level>
  <class>com.kms.katalon.core.logging.XmlKeywordLogger</class>
  <method>logMessage</method>
  <thread>1</thread>
  <message>katalonVersion = 7.0.3.1</message>
  <nestedLevel>0</nestedLevel>
  <property name="katalonVersion">7.0.3.1</property>
</record>
<record>
  <date>2019-11-22T15:58:53</date>
  <millis>1574431133206</millis>
  <sequence>5</sequence>
  <level>RUN_DATA</level>
  <class>com.kms.katalon.core.logging.XmlKeywordLogger</class>
  <method>logMessage</method>
  <thread>1</thread>
  <message>dbServerInfo = PostgreSQL 9.6.10</message>
  <nestedLevel>0</nestedLevel>
  <property name="dbServerInfo">PostgreSQL 9.6.10</property>
</record>
<record>
  <date>2019-11-22T15:58:53</date>
  <millis>1574431133686</millis>
  <sequence>6</sequence>
  <level>START</level>
  <class>com.kms.katalon.core.logging.XmlKeywordLogger</class>
  <method>startTest</method>
  <thread>1</thread>
  <message>Start Test Case : Test Cases/Login/LoginAdmin</message>
  <nestedLevel>1</nestedLevel>
  <property name="name">Test Cases/Login/LoginAdmin</property>
  <property name="description"></property>
  <property name="id">Test Cases/Login/LoginAdmin</property>
  <property name="source">C:\\Users\\daniel.donose\\git\\GAS_V4\\Test Cases\\Login\\LoginAdmin.tc</property>
  <property name="tag"></property>
  <property name="isOptional">false</property>
</record>
<record>
  <date>2019-11-22T15:58:53</date>
  <millis>1574431133857</millis>
  <sequence>8</sequence>
  <level>INFO</level>
  <class>com.kms.katalon.core.logging.XmlKeywordLogger</class>
  <method>logMessage</method>
  <thread>1</thread>
  <message>(Default) server = http://web7.egt-bg.ro:7955/?#!/</message>
  <nestedLevel>1</nestedLevel>
</record>
<record>
  <date>2019-11-22T15:58:55</date>
  <millis>1574431135232</millis>
  <sequence>9</sequence>
  <level>START</level>
  <class>com.kms.katalon.core.logging.XmlKeywordLogger</class>
  <method>startKeyword</method>
  <thread>1</thread>
  <message>Start action : openBrowser(\&amp;quot;\&amp;quot;)</message>
  <nestedLevel>1</nestedLevel>
  <property name="startLine">18</property>
  <property name="stepIndex">1</property>
</record>
<record>
  <date>2019-11-22T15:58:56</date>
  <millis>1574431136072</millis>
  <sequence>11</sequence>
  <level>INFO</level>
  <class>com.kms.katalon.core.logging.XmlKeywordLogger</class>
  <method>logMessage</method>
  <thread>1</thread>
  <message>Starting &amp;apos;Chrome&amp;apos; driver</message>
  <nestedLevel>1</nestedLevel>
</record>
<record>
  <date>2019-11-22T15:58:56</date>
  <millis>1574431136280</millis>
  <sequence>13</sequence>
  <level>INFO</level>
  <class>com.kms.katalon.core.logging.XmlKeywordLogger</class>
  <method>logMessage</method>
  <thread>1</thread>
  <message>Action delay is set to 0 seconds</message>
  <nestedLevel>1</nestedLevel>
</record>
<record>
  <date>2019-11-22T15:59:03</date>
  <millis>1574431143313</millis>
  <sequence>15</sequence>
  <level>RUN_DATA</level>
  <class>com.kms.katalon.core.logging.XmlKeywordLogger</class>
  <method>logMessage</method>
  <thread>1</thread>
  <message>sessionId = 342b5767edeb5a5837f9ecc6e3ec9472</message>
  <nestedLevel>1</nestedLevel>
  <property name="sessionId">342b5767edeb5a5837f9ecc6e3ec9472</property>
</record>
<record>
  <date>2019-11-22T15:59:03</date>
  <millis>1574431143344</millis>
  <sequence>16</sequence>
  <level>RUN_DATA</level>
  <class>com.kms.katalon.core.logging.XmlKeywordLogger</class>
  <method>logMessage</method>
  <thread>1</thread>
  <message>browser = Chrome 78.0.3904.97</message>
  <nestedLevel>1</nestedLevel>
  <property name="browser">Chrome 78.0.3904.97</property>
</record>
<record>
  <date>2019-11-22T15:59:03</date>
  <millis>1574431143345</millis>
  <sequence>17</sequence>
  <level>RUN_DATA</level>
  <class>com.kms.katalon.core.logging.XmlKeywordLogger</class>
  <method>logMessage</method>
  <thread>1</thread>
  <message>platform = Windows 10</message>
  <nestedLevel>1</nestedLevel>
  <property name="platform">Windows 10</property>
</record>
<record>
  <date>2019-11-22T15:59:03</date>
  <millis>1574431143346</millis>
  <sequence>18</sequence>
  <level>RUN_DATA</level>
  <class>com.kms.katalon.core.logging.XmlKeywordLogger</class>
  <method>logMessage</method>
  <thread>1</thread>
  <message>seleniumVersion = 3.141.59</message>
  <nestedLevel>1</nestedLevel>
  <property name="seleniumVersion">3.141.59</property>
</record>
<record>
  <date>2019-11-22T15:59:03</date>
  <millis>1574431143347</millis>
  <sequence>19</sequence>
  <level>RUN_DATA</level>
  <class>com.kms.katalon.core.logging.XmlKeywordLogger</class>
  <method>logMessage</method>
  <thread>1</thread>
  <message>proxyInformation = ProxyInformation{proxyOption=NO_PROXY, proxyServerType=HTTP, password=, proxyServerAddress=, proxyServerPort=0}</message>
  <nestedLevel>1</nestedLevel>
  <property name="proxyInformation">ProxyInformation{proxyOption=NO_PROXY, proxyServerType=HTTP, password=, proxyServerAddress=, proxyServerPort=0}</property>
</record>
<record>
  <date>2019-11-22T15:59:03</date>
  <millis>1574431143359</millis>
  <sequence>20</sequence>
  <level>PASSED</level>
  <class>com.kms.katalon.core.logging.XmlKeywordLogger</class>
  <method>logMessage</method>
  <thread>1</thread>
  <message>Browser is opened with url: &amp;apos;&amp;apos;</message>
  <nestedLevel>1</nestedLevel>
</record>
<record>
  <date>2019-11-22T15:59:03</date>
  <millis>1574431143364</millis>
  <sequence>21</sequence>
  <level>END</level>
  <class>com.kms.katalon.core.logging.XmlKeywordLogger</class>
  <method>endKeyword</method>
  <thread>1</thread>
  <message>End action : openBrowser(\&amp;quot;\&amp;quot;)</message>
  <nestedLevel>1</nestedLevel>
</record>
<record>
  <date>2019-11-22T15:59:03</date>
  <millis>1574431143366</millis>
  <sequence>22</sequence>
  <level>START</level>
  <class>com.kms.katalon.core.logging.XmlKeywordLogger</class>
  <method>startKeyword</method>
  <thread>1</thread>
  <message>Start action : maximizeWindow()</message>
  <nestedLevel>1</nestedLevel>
  <property name="startLine">20</property>
  <property name="stepIndex">2</property>
</record>
<record>
  <date>2019-11-22T15:59:07</date>
  <millis>1574431147556</millis>
  <sequence>24</sequence>
  <level>PASSED</level>
  <class>com.kms.katalon.core.logging.XmlKeywordLogger</class>
  <method>logMessage</method>
  <thread>1</thread>
  <message>Current window maximized</message>
  <nestedLevel>1</nestedLevel>
</record>
<record>
  <date>2019-11-22T15:59:07</date>
  <millis>1574431147556</millis>
  <sequence>25</sequence>
  <level>END</level>
  <class>com.kms.katalon.core.logging.XmlKeywordLogger</class>
  <method>endKeyword</method>
  <thread>1</thread>
  <message>End action : maximizeWindow()</message>
  <nestedLevel>1</nestedLevel>
</record>
<record>
  <date>2019-11-22T15:59:07</date>
  <millis>1574431147557</millis>
  <sequence>26</sequence>
  <level>START</level>
  <class>com.kms.katalon.core.logging.XmlKeywordLogger</class>
  <method>startKeyword</method>
  <thread>1</thread>
  <message>Start action : navigateToUrl(server)</message>
  <nestedLevel>1</nestedLevel>
  <property name="startLine">22</property>
  <property name="stepIndex">3</property>
</record>
<record>
  <date>2019-11-22T15:59:08</date>
  <millis>1574431148849</millis>
  <sequence>29</sequence>
  <level>PASSED</level>
  <class>com.kms.katalon.core.logging.XmlKeywordLogger</class>
  <method>logMessage</method>
  <thread>1</thread>
  <message>Navigate to &amp;apos;http://web7.egt-bg.ro:7955/?#!/&amp;apos; successfully</message>
  <nestedLevel>1</nestedLevel>
</record>
<record>
  <date>2019-11-22T15:59:08</date>
  <millis>1574431148849</millis>
  <sequence>30</sequence>
  <level>END</level>
  <class>com.kms.katalon.core.logging.XmlKeywordLogger</class>
  <method>endKeyword</method>
  <thread>1</thread>
  <message>End action : navigateToUrl(server)</message>
  <nestedLevel>1</nestedLevel>
</record>
<record>
  <date>2019-11-22T15:59:08</date>
  <millis>1574431148850</millis>
  <sequence>31</sequence>
  <level>START</level>
  <class>com.kms.katalon.core.logging.XmlKeywordLogger</class>
  <method>startKeyword</method>
  <thread>1</thread>
  <message>Start action : setText(findTestObject(\&amp;quot;Login/input_username\&amp;quot;), \&amp;quot;byulent.mutalibov\&amp;quot;)</message>
  <nestedLevel>1</nestedLevel>
  <property name="startLine">24</property>
  <property name="stepIndex">4</property>
</record>
<record>
  <date>2019-11-22T15:59:10</date>
  <millis>1574431150009</millis>
  <sequence>41</sequence>
  <level>PASSED</level>
  <class>com.kms.katalon.core.logging.XmlKeywordLogger</class>
  <method>logMessage</method>
  <thread>1</thread>
  <message>Text &amp;apos;byulent.mutalibov&amp;apos; is set on object &amp;apos;Object Repository/Login/input_username&amp;apos;</message>
  <nestedLevel>1</nestedLevel>
</record>
<record>
  <date>2019-11-22T15:59:10</date>
  <millis>1574431150010</millis>
  <sequence>42</sequence>
  <level>END</level>
  <class>com.kms.katalon.core.logging.XmlKeywordLogger</class>
  <method>endKeyword</method>
  <thread>1</thread>
  <message>End action : setText(findTestObject(\&amp;quot;Login/input_username\&amp;quot;), \&amp;quot;byulent.mutalibov\&amp;quot;)</message>
  <nestedLevel>1</nestedLevel>
</record>
<record>
  <date>2019-11-22T15:59:10</date>
  <millis>1574431150011</millis>
  <sequence>43</sequence>
  <level>START</level>
  <class>com.kms.katalon.core.logging.XmlKeywordLogger</class>
  <method>startKeyword</method>
  <thread>1</thread>
  <message>Start action : setText(findTestObject(\&amp;quot;Login/input_password\&amp;quot;), \&amp;quot;Kotor_2019$#Yes\&amp;quot;)</message>
  <nestedLevel>1</nestedLevel>
  <property name="startLine">26</property>
  <property name="stepIndex">5</property>
</record>
<record>
  <date>2019-11-22T15:59:10</date>
  <millis>1574431150559</millis>
  <sequence>53</sequence>
  <level>PASSED</level>
  <class>com.kms.katalon.core.logging.XmlKeywordLogger</class>
  <method>logMessage</method>
  <thread>1</thread>
  <message>Text &amp;apos;Kotor_2019$#Yes&amp;apos; is set on object &amp;apos;Object Repository/Login/input_password&amp;apos;</message>
  <nestedLevel>1</nestedLevel>
</record>
<record>
  <date>2019-11-22T15:59:10</date>
  <millis>1574431150561</millis>
  <sequence>54</sequence>
  <level>END</level>
  <class>com.kms.katalon.core.logging.XmlKeywordLogger</class>
  <method>endKeyword</method>
  <thread>1</thread>
  <message>End action : setText(findTestObject(\&amp;quot;Login/input_password\&amp;quot;), \&amp;quot;Kotor_2019$#Yes\&amp;quot;)</message>
  <nestedLevel>1</nestedLevel>
</record>
<record>
  <date>2019-11-22T15:59:10</date>
  <millis>1574431150561</millis>
  <sequence>55</sequence>
  <level>START</level>
  <class>com.kms.katalon.core.logging.XmlKeywordLogger</class>
  <method>startKeyword</method>
  <thread>1</thread>
  <message>Start action : click(findTestObject(\&amp;quot;Login/button_Login\&amp;quot;))</message>
  <nestedLevel>1</nestedLevel>
  <property name="startLine">28</property>
  <property name="stepIndex">6</property>
</record>
<record>
  <date>2019-11-22T15:59:11</date>
  <millis>1574431151084</millis>
  <sequence>64</sequence>
  <level>PASSED</level>
  <class>com.kms.katalon.core.logging.XmlKeywordLogger</class>
  <method>logMessage</method>
  <thread>1</thread>
  <message>Object: &amp;apos;Object Repository/Login/button_Login&amp;apos; is clicked on</message>
  <nestedLevel>1</nestedLevel>
</record>
<record>
  <date>2019-11-22T15:59:11</date>
  <millis>1574431151085</millis>
  <sequence>65</sequence>
  <level>END</level>
  <class>com.kms.katalon.core.logging.XmlKeywordLogger</class>
  <method>endKeyword</method>
  <thread>1</thread>
  <message>End action : click(findTestObject(\&amp;quot;Login/button_Login\&amp;quot;))</message>
  <nestedLevel>1</nestedLevel>
</record>
<record>
  <date>2019-11-22T15:59:11</date>
  <millis>1574431151085</millis>
  <sequence>66</sequence>
  <level>START</level>
  <class>com.kms.katalon.core.logging.XmlKeywordLogger</class>
  <method>startKeyword</method>
  <thread>1</thread>
  <message>Start action : callTestCase(findTestCase(\&amp;quot;DailyRates\&amp;quot;), [:], STOP_ON_FAILURE)</message>
  <nestedLevel>1</nestedLevel>
  <property name="startLine">30</property>
  <property name="stepIndex">7</property>
</record>
<record>
  <date>2019-11-22T15:59:11</date>
  <millis>1574431151087</millis>
  <sequence>67</sequence>
  <level>NOT_RUN</level>
  <class>com.kms.katalon.core.logging.XmlKeywordLogger</class>
  <method>logMessage</method>
  <thread>1</thread>
  <message>NOT_RUN: callTestCase(findTestCase(\&amp;quot;DailyRates\&amp;quot;), [:], STOP_ON_FAILURE)</message>
  <nestedLevel>1</nestedLevel>
</record>
<record>
  <date>2019-11-22T15:59:11</date>
  <millis>1574431151087</millis>
  <sequence>68</sequence>
  <level>END</level>
  <class>com.kms.katalon.core.logging.XmlKeywordLogger</class>
  <method>endKeyword</method>
  <thread>1</thread>
  <message>End action : callTestCase(findTestCase(\&amp;quot;DailyRates\&amp;quot;), [:], STOP_ON_FAILURE)</message>
  <nestedLevel>1</nestedLevel>
</record>
<record>
  <date>2019-11-22T15:59:11</date>
  <millis>1574431151088</millis>
  <sequence>69</sequence>
  <level>PASSED</level>
  <class>com.kms.katalon.core.logging.XmlKeywordLogger</class>
  <method>logMessage</method>
  <thread>1</thread>
  <message>Test Cases/Login/LoginAdmin</message>
  <nestedLevel>1</nestedLevel>
</record>
<record>
  <date>2019-11-22T15:59:11</date>
  <millis>1574431151089</millis>
  <sequence>70</sequence>
  <level>END</level>
  <class>com.kms.katalon.core.logging.XmlKeywordLogger</class>
  <method>endTest</method>
  <thread>1</thread>
  <message>End Test Case : Test Cases/Login/LoginAdmin</message>
  <nestedLevel>0</nestedLevel>
</record>
<record>
  <date>2019-11-22T15:59:11</date>
  <millis>1574431151132</millis>
  <sequence>71</sequence>
  <level>START</level>
  <class>com.kms.katalon.core.logging.XmlKeywordLogger</class>
  <method>startTest</method>
  <thread>1</thread>
  <message>Start Test Case : Test Cases/SD FLOW/SD FLOW IDless/SD FLOW_ME_IDLESS</message>
  <nestedLevel>1</nestedLevel>
  <property name="name">Test Cases/SD FLOW/SD FLOW IDless/SD FLOW_ME_IDLESS</property>
  <property name="description"></property>
  <property name="id">Test Cases/SD FLOW/SD FLOW IDless/SD FLOW_ME_IDLESS</property>
  <property name="source">C:\\Users\\daniel.donose\\git\\GAS_V4\\Test Cases\\SD FLOW\\SD FLOW IDless\\SD FLOW_ME_IDLESS.tc</property>
  <property name="tag"></property>
  <property name="isOptional">false</property>
</record>
<record>
  <date>2019-11-22T15:59:11</date>
  <millis>1574431151173</millis>
  <sequence>73</sequence>
  <level>INFO</level>
  <class>com.kms.katalon.core.logging.XmlKeywordLogger</class>
  <method>logMessage</method>
  <thread>1</thread>
  <message>materials_noID = EM Sauvignon Blanc PDO Nova Zagora </message>
  <nestedLevel>1</nestedLevel>
</record>
<record>
  <date>2019-11-22T15:59:11</date>
  <millis>1574431151174</millis>
  <sequence>74</sequence>
  <level>INFO</level>
  <class>com.kms.katalon.core.logging.XmlKeywordLogger</class>
  <method>logMessage</method>
  <thread>1</thread>
  <message>client = SHOP &amp;amp; GO</message>
  <nestedLevel>1</nestedLevel>
</record>
<record>
  <date>2019-11-22T15:59:11</date>
  <millis>1574431151191</millis>
  <sequence>75</sequence>
  <level>INFO</level>
  <class>com.kms.katalon.core.logging.XmlKeywordLogger</class>
  <method>logMessage</method>
  <thread>1</thread>
  <message>(Default) ammount = 1</message>
  <nestedLevel>1</nestedLevel>
</record>
<record>
  <date>2019-11-22T15:59:11</date>
  <millis>1574431151892</millis>
  <sequence>76</sequence>
  <level>START</level>
  <class>com.kms.katalon.core.logging.XmlKeywordLogger</class>
  <method>startKeyword</method>
  <thread>1</thread>
  <message>Start action : pathWait = \&amp;quot;/Waiters/WaitLoadingAnim_Element\&amp;quot;</message>
  <nestedLevel>1</nestedLevel>
  <property name="startLine">24</property>
  <property name="stepIndex">1</property>
</record>
<record>
  <date>2019-11-22T15:59:11</date>
  <millis>1574431151893</millis>
  <sequence>77</sequence>
  <level>END</level>
  <class>com.kms.katalon.core.logging.XmlKeywordLogger</class>
  <method>endKeyword</method>
  <thread>1</thread>
  <message>End action : pathWait = \&amp;quot;/Waiters/WaitLoadingAnim_Element\&amp;quot;</message>
  <nestedLevel>1</nestedLevel>
</record>
<record>
  <date>2019-11-22T15:59:11</date>
  <millis>1574431151893</millis>
  <sequence>78</sequence>
  <level>START</level>
  <class>com.kms.katalon.core.logging.XmlKeywordLogger</class>
  <method>startKeyword</method>
  <thread>1</thread>
  <message>Start action : companyName = \&amp;quot;ME/input_Company name\&amp;quot;</message>
  <nestedLevel>1</nestedLevel>
  <property name="startLine">26</property>
  <property name="stepIndex">2</property>
</record>
<record>
  <date>2019-11-22T15:59:11</date>
  <millis>1574431151897</millis>
  <sequence>79</sequence>
  <level>END</level>
  <class>com.kms.katalon.core.logging.XmlKeywordLogger</class>
  <method>endKeyword</method>
  <thread>1</thread>
  <message>End action : companyName = \&amp;quot;ME/input_Company name\&amp;quot;</message>
  <nestedLevel>1</nestedLevel>
</record>
<record>
  <date>2019-11-22T15:59:11</date>
  <millis>1574431151897</millis>
  <sequence>80</sequence>
  <level>START</level>
  <class>com.kms.katalon.core.logging.XmlKeywordLogger</class>
  <method>startKeyword</method>
  <thread>1</thread>
  <message>Start action : contactName = \&amp;quot;ME/input_Contact name\&amp;quot;</message>
  <nestedLevel>1</nestedLevel>
  <property name="startLine">28</property>
  <property name="stepIndex">3</property>
</record>
<record>
  <date>2019-11-22T15:59:11</date>
  <millis>1574431151899</millis>
  <sequence>81</sequence>
  <level>END</level>
  <class>com.kms.katalon.core.logging.XmlKeywordLogger</class>
  <method>endKeyword</method>
  <thread>1</thread>
  <message>End action : contactName = \&amp;quot;ME/input_Contact name\&amp;quot;</message>
  <nestedLevel>1</nestedLevel>
</record>
<record>
  <date>2019-11-22T15:59:11</date>
  <millis>1574431151900</millis>
  <sequence>82</sequence>
  <level>START</level>
  <class>com.kms.katalon.core.logging.XmlKeywordLogger</class>
  <method>startKeyword</method>
  <thread>1</thread>
  <message>Start action : materialSelect = \&amp;quot;ME/Client Products/input_Materials\&amp;quot;</message>
  <nestedLevel>1</nestedLevel>
  <property name="startLine">30</property>
  <property name="stepIndex">4</property>
</record>
<record>
  <date>2019-11-22T15:59:11</date>
  <millis>1574431151900</millis>
  <sequence>83</sequence>
  <level>END</level>
  <class>com.kms.katalon.core.logging.XmlKeywordLogger</class>
  <method>endKeyword</method>
  <thread>1</thread>
  <message>End action : materialSelect = \&amp;quot;ME/Client Products/input_Materials\&amp;quot;</message>
  <nestedLevel>1</nestedLevel>
</record>
<record>
  <date>2019-11-22T15:59:11</date>
  <millis>1574431151900</millis>
  <sequence>84</sequence>
  <level>START</level>
  <class>com.kms.katalon.core.logging.XmlKeywordLogger</class>
  <method>startKeyword</method>
  <thread>1</thread>
  <message>Start action : meetingButton = \&amp;quot;ME/button_Create Offer\&amp;quot;</message>
  <nestedLevel>1</nestedLevel>
  <property name="startLine">32</property>
  <property name="stepIndex">5</property>
</record>
<record>
  <date>2019-11-22T15:59:11</date>
  <millis>1574431151901</millis>
  <sequence>85</sequence>
  <level>END</level>
  <class>com.kms.katalon.core.logging.XmlKeywordLogger</class>
  <method>endKeyword</method>
  <thread>1</thread>
  <message>End action : meetingButton = \&amp;quot;ME/button_Create Offer\&amp;quot;</message>
  <nestedLevel>1</nestedLevel>
</record>
<record>
  <date>2019-11-22T15:59:11</date>
  <millis>1574431151901</millis>
  <sequence>86</sequence>
  <level>START</level>
  <class>com.kms.katalon.core.logging.XmlKeywordLogger</class>
  <method>startKeyword</method>
  <thread>1</thread>
  <message>Start action : waitForElementVisible(findTestObject(\&amp;quot;MainDashboard/Nav_Menu_Top/a_SD\&amp;quot;), 10)</message>
  <nestedLevel>1</nestedLevel>
  <property name="startLine">34</property>
  <property name="stepIndex">6</property>
</record>
<record>
  <date>2019-11-22T15:59:18</date>
  <millis>1574431158244</millis>
  <sequence>94</sequence>
  <level>PASSED</level>
  <class>com.kms.katalon.core.logging.XmlKeywordLogger</class>
  <method>logMessage</method>
  <thread>1</thread>
  <message>Object &amp;apos;Object Repository/MainDashboard/Nav_Menu_Top/a_SD&amp;apos; is visible</message>
  <nestedLevel>1</nestedLevel>
</record>
<record>
  <date>2019-11-22T15:59:18</date>
  <millis>1574431158245</millis>
  <sequence>95</sequence>
  <level>END</level>
  <class>com.kms.katalon.core.logging.XmlKeywordLogger</class>
  <method>endKeyword</method>
  <thread>1</thread>
  <message>End action : waitForElementVisible(findTestObject(\&amp;quot;MainDashboard/Nav_Menu_Top/a_SD\&amp;quot;), 10)</message>
  <nestedLevel>1</nestedLevel>
</record>
<record>
  <date>2019-11-22T15:59:18</date>
  <millis>1574431158245</millis>
  <sequence>96</sequence>
  <level>START</level>
  <class>com.kms.katalon.core.logging.XmlKeywordLogger</class>
  <method>startKeyword</method>
  <thread>1</thread>
  <message>Start action : mainDashboardSelections.Selectors.selectSDMeeting()</message>
  <nestedLevel>1</nestedLevel>
  <property name="startLine">36</property>
  <property name="stepIndex">7</property>
</record>
<record>
  <date>2019-11-22T15:59:19</date>
  <millis>1574431159315</millis>
  <sequence>105</sequence>
  <level>PASSED</level>
  <class>com.kms.katalon.core.logging.XmlKeywordLogger</class>
  <method>logMessage</method>
  <thread>1</thread>
  <message>Object: &amp;apos;Object Repository/MainDashboard/Nav_Menu_Top/a_SD&amp;apos; is clicked on</message>
  <nestedLevel>1</nestedLevel>
</record>
<record>
  <date>2019-11-22T15:59:20</date>
  <millis>1574431160257</millis>
  <sequence>114</sequence>
  <level>PASSED</level>
  <class>com.kms.katalon.core.logging.XmlKeywordLogger</class>
  <method>logMessage</method>
  <thread>1</thread>
  <message>Object: &amp;apos;Object Repository/MainDashboard/Nav_Menu_Top/SD/a_Add New Meeting&amp;apos; is clicked on</message>
  <nestedLevel>1</nestedLevel>
</record>
<record>
  <date>2019-11-22T15:59:20</date>
  <millis>1574431160258</millis>
  <sequence>115</sequence>
  <level>PASSED</level>
  <class>com.kms.katalon.core.logging.XmlKeywordLogger</class>
  <method>logMessage</method>
  <thread>1</thread>
  <message>mainDashboardSelections.Selectors.selectSDMeeting is PASSED</message>
  <nestedLevel>1</nestedLevel>
</record>
<record>
  <date>2019-11-22T15:59:20</date>
  <millis>1574431160259</millis>
  <sequence>116</sequence>
  <level>END</level>
  <class>com.kms.katalon.core.logging.XmlKeywordLogger</class>
  <method>endKeyword</method>
  <thread>1</thread>
  <message>End action : mainDashboardSelections.Selectors.selectSDMeeting()</message>
  <nestedLevel>1</nestedLevel>
</record>
<record>
  <date>2019-11-22T15:59:20</date>
  <millis>1574431160260</millis>
  <sequence>117</sequence>
  <level>START</level>
  <class>com.kms.katalon.core.logging.XmlKeywordLogger</class>
  <method>startKeyword</method>
  <thread>1</thread>
  <message>Start action : waitForElementNotVisible(findTestObject(pathWait), 20)</message>
  <nestedLevel>1</nestedLevel>
  <property name="startLine">38</property>
  <property name="stepIndex">8</property>
</record>
<record>
  <date>2019-11-22T15:59:21</date>
  <millis>1574431161730</millis>
  <sequence>125</sequence>
  <level>PASSED</level>
  <class>com.kms.katalon.core.logging.XmlKeywordLogger</class>
  <method>logMessage</method>
  <thread>1</thread>
  <message>Object &amp;apos;Object Repository//Waiters/WaitLoadingAnim_Element&amp;apos; is NOT visible</message>
  <nestedLevel>1</nestedLevel>
</record>
<record>
  <date>2019-11-22T15:59:21</date>
  <millis>1574431161732</millis>
  <sequence>126</sequence>
  <level>END</level>
  <class>com.kms.katalon.core.logging.XmlKeywordLogger</class>
  <method>endKeyword</method>
  <thread>1</thread>
  <message>End action : waitForElementNotVisible(findTestObject(pathWait), 20)</message>
  <nestedLevel>1</nestedLevel>
</record>
<record>
  <date>2019-11-22T15:59:21</date>
  <millis>1574431161733</millis>
  <sequence>127</sequence>
  <level>START</level>
  <class>com.kms.katalon.core.logging.XmlKeywordLogger</class>
  <method>startKeyword</method>
  <thread>1</thread>
  <message>Start action : delay(5)</message>
  <nestedLevel>1</nestedLevel>
  <property name="startLine">40</property>
  <property name="stepIndex">9</property>
</record>
<record>
  <date>2019-11-22T15:59:26</date>
  <millis>1574431166768</millis>
  <sequence>129</sequence>
  <level>PASSED</level>
  <class>com.kms.katalon.core.logging.XmlKeywordLogger</class>
  <method>logMessage</method>
  <thread>1</thread>
  <message>Delayed 5 second(s)</message>
  <nestedLevel>1</nestedLevel>
</record>
<record>
  <date>2019-11-22T15:59:26</date>
  <millis>1574431166772</millis>
  <sequence>130</sequence>
  <level>END</level>
  <class>com.kms.katalon.core.logging.XmlKeywordLogger</class>
  <method>endKeyword</method>
  <thread>1</thread>
  <message>End action : delay(5)</message>
  <nestedLevel>1</nestedLevel>
</record>
<record>
  <date>2019-11-22T15:59:26</date>
  <millis>1574431166773</millis>
  <sequence>131</sequence>
  <level>START</level>
  <class>com.kms.katalon.core.logging.XmlKeywordLogger</class>
  <method>startKeyword</method>
  <thread>1</thread>
  <message>Start action : selectOptionByLabel(findTestObject(\&amp;quot;ME/select_me_prio\&amp;quot;), findTestData(\&amp;quot;DropDowns\&amp;quot;).getValue(1, 1), false)</message>
  <nestedLevel>1</nestedLevel>
  <property name="startLine">42</property>
  <property name="stepIndex">10</property>
</record>
<record>
  <date>2019-11-22T15:59:27</date>
  <millis>1574431167892</millis>
  <sequence>143</sequence>
  <level>PASSED</level>
  <class>com.kms.katalon.core.logging.XmlKeywordLogger</class>
  <method>logMessage</method>
  <thread>1</thread>
  <message>All options with label &amp;apos;Low&amp;apos; are selected in object &amp;apos;Object Repository/ME/select_me_prio&amp;apos; </message>
  <nestedLevel>1</nestedLevel>
</record>
<record>
  <date>2019-11-22T15:59:27</date>
  <millis>1574431167893</millis>
  <sequence>144</sequence>
  <level>END</level>
  <class>com.kms.katalon.core.logging.XmlKeywordLogger</class>
  <method>endKeyword</method>
  <thread>1</thread>
  <message>End action : selectOptionByLabel(findTestObject(\&amp;quot;ME/select_me_prio\&amp;quot;), findTestData(\&amp;quot;DropDowns\&amp;quot;).getValue(1, 1), false)</message>
  <nestedLevel>1</nestedLevel>
</record>
<record>
  <date>2019-11-22T15:59:27</date>
  <millis>1574431167894</millis>
  <sequence>145</sequence>
  <level>START</level>
  <class>com.kms.katalon.core.logging.XmlKeywordLogger</class>
  <method>startKeyword</method>
  <thread>1</thread>
  <message>Start action : click(findTestObject(\&amp;quot;ME/span_Company name\&amp;quot;))</message>
  <nestedLevel>1</nestedLevel>
  <property name="startLine">44</property>
  <property name="stepIndex">11</property>
</record>
<record>
  <date>2019-11-22T15:59:28</date>
  <millis>1574431168627</millis>
  <sequence>154</sequence>
  <level>PASSED</level>
  <class>com.kms.katalon.core.logging.XmlKeywordLogger</class>
  <method>logMessage</method>
  <thread>1</thread>
  <message>Object: &amp;apos;Object Repository/ME/span_Company name&amp;apos; is clicked on</message>
  <nestedLevel>1</nestedLevel>
</record>
<record>
  <date>2019-11-22T15:59:28</date>
  <millis>1574431168628</millis>
  <sequence>155</sequence>
  <level>END</level>
  <class>com.kms.katalon.core.logging.XmlKeywordLogger</class>
  <method>endKeyword</method>
  <thread>1</thread>
  <message>End action : click(findTestObject(\&amp;quot;ME/span_Company name\&amp;quot;))</message>
  <nestedLevel>1</nestedLevel>
</record>
<record>
  <date>2019-11-22T15:59:28</date>
  <millis>1574431168628</millis>
  <sequence>156</sequence>
  <level>START</level>
  <class>com.kms.katalon.core.logging.XmlKeywordLogger</class>
  <method>startKeyword</method>
  <thread>1</thread>
  <message>Start action : setText(findTestObject(companyName), client, STOP_ON_FAILURE)</message>
  <nestedLevel>1</nestedLevel>
  <property name="startLine">46</property>
  <property name="stepIndex">12</property>
</record>
<record>
  <date>2019-11-22T15:59:29</date>
  <millis>1574431169824</millis>
  <sequence>166</sequence>
  <level>PASSED</level>
  <class>com.kms.katalon.core.logging.XmlKeywordLogger</class>
  <method>logMessage</method>
  <thread>1</thread>
  <message>Text &amp;apos;SHOP &amp;amp; GO&amp;apos; is set on object &amp;apos;Object Repository/ME/input_Company name&amp;apos;</message>
  <nestedLevel>1</nestedLevel>
</record>
<record>
  <date>2019-11-22T15:59:29</date>
  <millis>1574431169825</millis>
  <sequence>167</sequence>
  <level>END</level>
  <class>com.kms.katalon.core.logging.XmlKeywordLogger</class>
  <method>endKeyword</method>
  <thread>1</thread>
  <message>End action : setText(findTestObject(companyName), client, STOP_ON_FAILURE)</message>
  <nestedLevel>1</nestedLevel>
</record>
<record>
  <date>2019-11-22T15:59:29</date>
  <millis>1574431169825</millis>
  <sequence>168</sequence>
  <level>START</level>
  <class>com.kms.katalon.core.logging.XmlKeywordLogger</class>
  <method>startKeyword</method>
  <thread>1</thread>
  <message>Start action : sendKeys(findTestObject(companyName), Keys.chord(ENTER))</message>
  <nestedLevel>1</nestedLevel>
  <property name="startLine">48</property>
  <property name="stepIndex">13</property>
</record>
<record>
  <date>2019-11-22T15:59:30</date>
  <millis>1574431170580</millis>
  <sequence>175</sequence>
  <level>PASSED</level>
  <class>com.kms.katalon.core.logging.XmlKeywordLogger</class>
  <method>logMessage</method>
  <thread>1</thread>
  <message>Keys &amp;apos;ENTER + &amp;apos; sent to object: &amp;apos;Object Repository/ME/input_Company name&amp;apos;</message>
  <nestedLevel>1</nestedLevel>
</record>
<record>
  <date>2019-11-22T15:59:30</date>
  <millis>1574431170581</millis>
  <sequence>176</sequence>
  <level>END</level>
  <class>com.kms.katalon.core.logging.XmlKeywordLogger</class>
  <method>endKeyword</method>
  <thread>1</thread>
  <message>End action : sendKeys(findTestObject(companyName), Keys.chord(ENTER))</message>
  <nestedLevel>1</nestedLevel>
</record>
<record>
  <date>2019-11-22T15:59:30</date>
  <millis>1574431170581</millis>
  <sequence>177</sequence>
  <level>START</level>
  <class>com.kms.katalon.core.logging.XmlKeywordLogger</class>
  <method>startKeyword</method>
  <thread>1</thread>
  <message>Start action : click(findTestObject(\&amp;quot;ME/span_Contact name\&amp;quot;), STOP_ON_FAILURE)</message>
  <nestedLevel>1</nestedLevel>
  <property name="startLine">50</property>
  <property name="stepIndex">14</property>
</record>
<record>
  <date>2019-11-22T15:59:30</date>
  <millis>1574431170583</millis>
  <sequence>178</sequence>
  <level>NOT_RUN</level>
  <class>com.kms.katalon.core.logging.XmlKeywordLogger</class>
  <method>logMessage</method>
  <thread>1</thread>
  <message>NOT_RUN: click(findTestObject(\&amp;quot;ME/span_Contact name\&amp;quot;), STOP_ON_FAILURE)</message>
  <nestedLevel>1</nestedLevel>
</record>
<record>
  <date>2019-11-22T15:59:30</date>
  <millis>1574431170583</millis>
  <sequence>179</sequence>
  <level>END</level>
  <class>com.kms.katalon.core.logging.XmlKeywordLogger</class>
  <method>endKeyword</method>
  <thread>1</thread>
  <message>End action : click(findTestObject(\&amp;quot;ME/span_Contact name\&amp;quot;), STOP_ON_FAILURE)</message>
  <nestedLevel>1</nestedLevel>
</record>
<record>
  <date>2019-11-22T15:59:30</date>
  <millis>1574431170584</millis>
  <sequence>180</sequence>
  <level>START</level>
  <class>com.kms.katalon.core.logging.XmlKeywordLogger</class>
  <method>startKeyword</method>
  <thread>1</thread>
  <message>Start action : setText(findTestObject(contactName), \&amp;quot;Ivanka Petrova\&amp;quot;)</message>
  <nestedLevel>1</nestedLevel>
  <property name="startLine">52</property>
  <property name="stepIndex">15</property>
</record>
<record>
  <date>2019-11-22T15:59:30</date>
  <millis>1574431170585</millis>
  <sequence>181</sequence>
  <level>NOT_RUN</level>
  <class>com.kms.katalon.core.logging.XmlKeywordLogger</class>
  <method>logMessage</method>
  <thread>1</thread>
  <message>NOT_RUN: setText(findTestObject(contactName), \&amp;quot;Ivanka Petrova\&amp;quot;)</message>
  <nestedLevel>1</nestedLevel>
</record>
<record>
  <date>2019-11-22T15:59:30</date>
  <millis>1574431170585</millis>
  <sequence>182</sequence>
  <level>END</level>
  <class>com.kms.katalon.core.logging.XmlKeywordLogger</class>
  <method>endKeyword</method>
  <thread>1</thread>
  <message>End action : setText(findTestObject(contactName), \&amp;quot;Ivanka Petrova\&amp;quot;)</message>
  <nestedLevel>1</nestedLevel>
</record>
<record>
  <date>2019-11-22T15:59:30</date>
  <millis>1574431170586</millis>
  <sequence>183</sequence>
  <level>START</level>
  <class>com.kms.katalon.core.logging.XmlKeywordLogger</class>
  <method>startKeyword</method>
  <thread>1</thread>
  <message>Start action : sendKeys(findTestObject(contactName), Keys.chord(ENTER))</message>
  <nestedLevel>1</nestedLevel>
  <property name="startLine">54</property>
  <property name="stepIndex">16</property>
</record>
<record>
  <date>2019-11-22T15:59:30</date>
  <millis>1574431170586</millis>
  <sequence>184</sequence>
  <level>NOT_RUN</level>
  <class>com.kms.katalon.core.logging.XmlKeywordLogger</class>
  <method>logMessage</method>
  <thread>1</thread>
  <message>NOT_RUN: sendKeys(findTestObject(contactName), Keys.chord(ENTER))</message>
  <nestedLevel>1</nestedLevel>
</record>
<record>
  <date>2019-11-22T15:59:30</date>
  <millis>1574431170587</millis>
  <sequence>185</sequence>
  <level>END</level>
  <class>com.kms.katalon.core.logging.XmlKeywordLogger</class>
  <method>endKeyword</method>
  <thread>1</thread>
  <message>End action : sendKeys(findTestObject(contactName), Keys.chord(ENTER))</message>
  <nestedLevel>1</nestedLevel>
</record>
<record>
  <date>2019-11-22T15:59:30</date>
  <millis>1574431170588</millis>
  <sequence>186</sequence>
  <level>START</level>
  <class>com.kms.katalon.core.logging.XmlKeywordLogger</class>
  <method>startKeyword</method>
  <thread>1</thread>
  <message>Start action : selectOptionByValue(findTestObject(\&amp;quot;ME/select_Meeting\&amp;quot;), findTestData(\&amp;quot;DropDowns\&amp;quot;).getValue(2, 1), false)</message>
  <nestedLevel>1</nestedLevel>
  <property name="startLine">56</property>
  <property name="stepIndex">17</property>
</record>
<record>
  <date>2019-11-22T15:59:31</date>
  <millis>1574431171936</millis>
  <sequence>198</sequence>
  <level>PASSED</level>
  <class>com.kms.katalon.core.logging.XmlKeywordLogger</class>
  <method>logMessage</method>
  <thread>1</thread>
  <message>All options with value &amp;apos;Meeting&amp;apos; are selected in object &amp;apos;Object Repository/ME/select_Meeting&amp;apos; </message>
  <nestedLevel>1</nestedLevel>
</record>
<record>
  <date>2019-11-22T15:59:31</date>
  <millis>1574431171937</millis>
  <sequence>199</sequence>
  <level>END</level>
  <class>com.kms.katalon.core.logging.XmlKeywordLogger</class>
  <method>endKeyword</method>
  <thread>1</thread>
  <message>End action : selectOptionByValue(findTestObject(\&amp;quot;ME/select_Meeting\&amp;quot;), findTestData(\&amp;quot;DropDowns\&amp;quot;).getValue(2, 1), false)</message>
  <nestedLevel>1</nestedLevel>
</record>
<record>
  <date>2019-11-22T15:59:31</date>
  <millis>1574431171938</millis>
  <sequence>200</sequence>
  <level>START</level>
  <class>com.kms.katalon.core.logging.XmlKeywordLogger</class>
  <method>startKeyword</method>
  <thread>1</thread>
  <message>Start action : selectOptionByValue(findTestObject(\&amp;quot;ME/select_Deal\&amp;quot;), findTestData(\&amp;quot;DropDowns\&amp;quot;).getValue(3, 1), false)</message>
  <nestedLevel>1</nestedLevel>
  <property name="startLine">58</property>
  <property name="stepIndex">18</property>
</record>
<record>
  <date>2019-11-22T15:59:32</date>
  <millis>1574431172936</millis>
  <sequence>212</sequence>
  <level>PASSED</level>
  <class>com.kms.katalon.core.logging.XmlKeywordLogger</class>
  <method>logMessage</method>
  <thread>1</thread>
  <message>All options with value &amp;apos;New Deal&amp;apos; are selected in object &amp;apos;Object Repository/ME/select_Deal&amp;apos; </message>
  <nestedLevel>1</nestedLevel>
</record>
<record>
  <date>2019-11-22T15:59:32</date>
  <millis>1574431172937</millis>
  <sequence>213</sequence>
  <level>END</level>
  <class>com.kms.katalon.core.logging.XmlKeywordLogger</class>
  <method>endKeyword</method>
  <thread>1</thread>
  <message>End action : selectOptionByValue(findTestObject(\&amp;quot;ME/select_Deal\&amp;quot;), findTestData(\&amp;quot;DropDowns\&amp;quot;).getValue(3, 1), false)</message>
  <nestedLevel>1</nestedLevel>
</record>
<record>
  <date>2019-11-22T15:59:32</date>
  <millis>1574431172937</millis>
  <sequence>214</sequence>
  <level>START</level>
  <class>com.kms.katalon.core.logging.XmlKeywordLogger</class>
  <method>startKeyword</method>
  <thread>1</thread>
  <message>Start action : selectOptionByValue(findTestObject(\&amp;quot;ME/select_Location\&amp;quot;), findTestData(\&amp;quot;DropDowns\&amp;quot;).getValue(4, 1), false)</message>
  <nestedLevel>1</nestedLevel>
  <property name="startLine">60</property>
  <property name="stepIndex">19</property>
</record>
<record>
  <date>2019-11-22T15:59:33</date>
  <millis>1574431173918</millis>
  <sequence>226</sequence>
  <level>PASSED</level>
  <class>com.kms.katalon.core.logging.XmlKeywordLogger</class>
  <method>logMessage</method>
  <thread>1</thread>
  <message>All options with value &amp;apos;Own Office&amp;apos; are selected in object &amp;apos;Object Repository/ME/select_Location&amp;apos; </message>
  <nestedLevel>1</nestedLevel>
</record>
<record>
  <date>2019-11-22T15:59:33</date>
  <millis>1574431173919</millis>
  <sequence>227</sequence>
  <level>END</level>
  <class>com.kms.katalon.core.logging.XmlKeywordLogger</class>
  <method>endKeyword</method>
  <thread>1</thread>
  <message>End action : selectOptionByValue(findTestObject(\&amp;quot;ME/select_Location\&amp;quot;), findTestData(\&amp;quot;DropDowns\&amp;quot;).getValue(4, 1), false)</message>
  <nestedLevel>1</nestedLevel>
</record>
<record>
  <date>2019-11-22T15:59:33</date>
  <millis>1574431173919</millis>
  <sequence>228</sequence>
  <level>START</level>
  <class>com.kms.katalon.core.logging.XmlKeywordLogger</class>
  <method>startKeyword</method>
  <thread>1</thread>
  <message>Start action : selectOptionByValue(findTestObject(\&amp;quot;ME/select_Opportunity\&amp;quot;), findTestData(\&amp;quot;DropDowns\&amp;quot;).getValue(5, 1), false)</message>
  <nestedLevel>1</nestedLevel>
  <property name="startLine">62</property>
  <property name="stepIndex">20</property>
</record>
<record>
  <date>2019-11-22T15:59:34</date>
  <millis>1574431174882</millis>
  <sequence>240</sequence>
  <level>PASSED</level>
  <class>com.kms.katalon.core.logging.XmlKeywordLogger</class>
  <method>logMessage</method>
  <thread>1</thread>
  <message>All options with value &amp;apos;High&amp;apos; are selected in object &amp;apos;Object Repository/ME/select_Opportunity&amp;apos; </message>
  <nestedLevel>1</nestedLevel>
</record>
<record>
  <date>2019-11-22T15:59:34</date>
  <millis>1574431174883</millis>
  <sequence>241</sequence>
  <level>END</level>
  <class>com.kms.katalon.core.logging.XmlKeywordLogger</class>
  <method>endKeyword</method>
  <thread>1</thread>
  <message>End action : selectOptionByValue(findTestObject(\&amp;quot;ME/select_Opportunity\&amp;quot;), findTestData(\&amp;quot;DropDowns\&amp;quot;).getValue(5, 1), false)</message>
  <nestedLevel>1</nestedLevel>
</record>
<record>
  <date>2019-11-22T15:59:34</date>
  <millis>1574431174883</millis>
  <sequence>242</sequence>
  <level>START</level>
  <class>com.kms.katalon.core.logging.XmlKeywordLogger</class>
  <method>startKeyword</method>
  <thread>1</thread>
  <message>Start action : selectOptionByValue(findTestObject(\&amp;quot;ME/select_Purpose\&amp;quot;), findTestData(\&amp;quot;DropDowns\&amp;quot;).getValue(6, 1), false)</message>
  <nestedLevel>1</nestedLevel>
  <property name="startLine">64</property>
  <property name="stepIndex">21</property>
</record>
<record>
  <date>2019-11-22T15:59:35</date>
  <millis>1574431175968</millis>
  <sequence>254</sequence>
  <level>PASSED</level>
  <class>com.kms.katalon.core.logging.XmlKeywordLogger</class>
  <method>logMessage</method>
  <thread>1</thread>
  <message>All options with value &amp;apos;Offer&amp;apos; are selected in object &amp;apos;Object Repository/ME/select_Purpose&amp;apos; </message>
  <nestedLevel>1</nestedLevel>
</record>
<record>
  <date>2019-11-22T15:59:35</date>
  <millis>1574431175969</millis>
  <sequence>255</sequence>
  <level>END</level>
  <class>com.kms.katalon.core.logging.XmlKeywordLogger</class>
  <method>endKeyword</method>
  <thread>1</thread>
  <message>End action : selectOptionByValue(findTestObject(\&amp;quot;ME/select_Purpose\&amp;quot;), findTestData(\&amp;quot;DropDowns\&amp;quot;).getValue(6, 1), false)</message>
  <nestedLevel>1</nestedLevel>
</record>
<record>
  <date>2019-11-22T15:59:35</date>
  <millis>1574431175969</millis>
  <sequence>256</sequence>
  <level>START</level>
  <class>com.kms.katalon.core.logging.XmlKeywordLogger</class>
  <method>startKeyword</method>
  <thread>1</thread>
  <message>Start action : dateNow = dates.DateGenerate.date()</message>
  <nestedLevel>1</nestedLevel>
  <property name="startLine">66</property>
  <property name="stepIndex">22</property>
</record>
<record>
  <date>2019-11-22T15:59:35</date>
  <millis>1574431175991</millis>
  <sequence>257</sequence>
  <level>PASSED</level>
  <class>com.kms.katalon.core.logging.XmlKeywordLogger</class>
  <method>logMessage</method>
  <thread>1</thread>
  <message>dates.DateGenerate.date is PASSED</message>
  <nestedLevel>1</nestedLevel>
</record>
<record>
  <date>2019-11-22T15:59:35</date>
  <millis>1574431175991</millis>
  <sequence>258</sequence>
  <level>END</level>
  <class>com.kms.katalon.core.logging.XmlKeywordLogger</class>
  <method>endKeyword</method>
  <thread>1</thread>
  <message>End action : dateNow = dates.DateGenerate.date()</message>
  <nestedLevel>1</nestedLevel>
</record>
<record>
  <date>2019-11-22T15:59:35</date>
  <millis>1574431175991</millis>
  <sequence>259</sequence>
  <level>START</level>
  <class>com.kms.katalon.core.logging.XmlKeywordLogger</class>
  <method>startKeyword</method>
  <thread>1</thread>
  <message>Start action : setText(findTestObject(\&amp;quot;ME/DatePick/input_Meeting date\&amp;quot;), dateNow)</message>
  <nestedLevel>1</nestedLevel>
  <property name="startLine">68</property>
  <property name="stepIndex">23</property>
</record>
<record>
  <date>2019-11-22T15:59:36</date>
  <millis>1574431176834</millis>
  <sequence>269</sequence>
  <level>PASSED</level>
  <class>com.kms.katalon.core.logging.XmlKeywordLogger</class>
  <method>logMessage</method>
  <thread>1</thread>
  <message>Text &amp;apos;2019-11-22&amp;apos; is set on object &amp;apos;Object Repository/ME/DatePick/input_Meeting date&amp;apos;</message>
  <nestedLevel>1</nestedLevel>
</record>
<record>
  <date>2019-11-22T15:59:36</date>
  <millis>1574431176834</millis>
  <sequence>270</sequence>
  <level>END</level>
  <class>com.kms.katalon.core.logging.XmlKeywordLogger</class>
  <method>endKeyword</method>
  <thread>1</thread>
  <message>End action : setText(findTestObject(\&amp;quot;ME/DatePick/input_Meeting date\&amp;quot;), dateNow)</message>
  <nestedLevel>1</nestedLevel>
</record>
<record>
  <date>2019-11-22T15:59:36</date>
  <millis>1574431176835</millis>
  <sequence>271</sequence>
  <level>START</level>
  <class>com.kms.katalon.core.logging.XmlKeywordLogger</class>
  <method>startKeyword</method>
  <thread>1</thread>
  <message>Start action : waitForElementVisible(findTestObject(\&amp;quot;ME/Client Products/span_Client interested in products\&amp;quot;), 5)</message>
  <nestedLevel>1</nestedLevel>
  <property name="startLine">70</property>
  <property name="stepIndex">24</property>
</record>
<record>
  <date>2019-11-22T15:59:37</date>
  <millis>1574431177496</millis>
  <sequence>279</sequence>
  <level>PASSED</level>
  <class>com.kms.katalon.core.logging.XmlKeywordLogger</class>
  <method>logMessage</method>
  <thread>1</thread>
  <message>Object &amp;apos;Object Repository/ME/Client Products/span_Client interested in products&amp;apos; is visible</message>
  <nestedLevel>1</nestedLevel>
</record>
<record>
  <date>2019-11-22T15:59:37</date>
  <millis>1574431177496</millis>
  <sequence>280</sequence>
  <level>END</level>
  <class>com.kms.katalon.core.logging.XmlKeywordLogger</class>
  <method>endKeyword</method>
  <thread>1</thread>
  <message>End action : waitForElementVisible(findTestObject(\&amp;quot;ME/Client Products/span_Client interested in products\&amp;quot;), 5)</message>
  <nestedLevel>1</nestedLevel>
</record>
<record>
  <date>2019-11-22T15:59:37</date>
  <millis>1574431177497</millis>
  <sequence>281</sequence>
  <level>START</level>
  <class>com.kms.katalon.core.logging.XmlKeywordLogger</class>
  <method>startKeyword</method>
  <thread>1</thread>
  <message>Start action : setText(findTestObject(\&amp;quot;ME/Client Products/input_Quantty\&amp;quot;), \&amp;quot;10\&amp;quot;)</message>
  <nestedLevel>1</nestedLevel>
  <property name="startLine">72</property>
  <property name="stepIndex">25</property>
</record>
<record>
  <date>2019-11-22T15:59:38</date>
  <millis>1574431178035</millis>
  <sequence>291</sequence>
  <level>PASSED</level>
  <class>com.kms.katalon.core.logging.XmlKeywordLogger</class>
  <method>logMessage</method>
  <thread>1</thread>
  <message>Text &amp;apos;10&amp;apos; is set on object &amp;apos;Object Repository/ME/Client Products/input_Quantty&amp;apos;</message>
  <nestedLevel>1</nestedLevel>
</record>
<record>
  <date>2019-11-22T15:59:38</date>
  <millis>1574431178036</millis>
  <sequence>292</sequence>
  <level>END</level>
  <class>com.kms.katalon.core.logging.XmlKeywordLogger</class>
  <method>endKeyword</method>
  <thread>1</thread>
  <message>End action : setText(findTestObject(\&amp;quot;ME/Client Products/input_Quantty\&amp;quot;), \&amp;quot;10\&amp;quot;)</message>
  <nestedLevel>1</nestedLevel>
</record>
<record>
  <date>2019-11-22T15:59:38</date>
  <millis>1574431178036</millis>
  <sequence>293</sequence>
  <level>START</level>
  <class>com.kms.katalon.core.logging.XmlKeywordLogger</class>
  <method>startKeyword</method>
  <thread>1</thread>
  <message>Start action : click(findTestObject(\&amp;quot;ME/Client Products/span_Select material\&amp;quot;))</message>
  <nestedLevel>1</nestedLevel>
  <property name="startLine">74</property>
  <property name="stepIndex">26</property>
</record>
<record>
  <date>2019-11-22T15:59:38</date>
  <millis>1574431178841</millis>
  <sequence>302</sequence>
  <level>PASSED</level>
  <class>com.kms.katalon.core.logging.XmlKeywordLogger</class>
  <method>logMessage</method>
  <thread>1</thread>
  <message>Object: &amp;apos;Object Repository/ME/Client Products/span_Select material&amp;apos; is clicked on</message>
  <nestedLevel>1</nestedLevel>
</record>
<record>
  <date>2019-11-22T15:59:38</date>
  <millis>1574431178842</millis>
  <sequence>303</sequence>
  <level>END</level>
  <class>com.kms.katalon.core.logging.XmlKeywordLogger</class>
  <method>endKeyword</method>
  <thread>1</thread>
  <message>End action : click(findTestObject(\&amp;quot;ME/Client Products/span_Select material\&amp;quot;))</message>
  <nestedLevel>1</nestedLevel>
</record>
<record>
  <date>2019-11-22T15:59:38</date>
  <millis>1574431178842</millis>
  <sequence>304</sequence>
  <level>START</level>
  <class>com.kms.katalon.core.logging.XmlKeywordLogger</class>
  <method>startKeyword</method>
  <thread>1</thread>
  <message>Start action : setText(findTestObject(materialSelect), materials_noID)</message>
  <nestedLevel>1</nestedLevel>
  <property name="startLine">76</property>
  <property name="stepIndex">27</property>
</record>
<record>
  <date>2019-11-22T15:59:40</date>
  <millis>1574431180377</millis>
  <sequence>314</sequence>
  <level>PASSED</level>
  <class>com.kms.katalon.core.logging.XmlKeywordLogger</class>
  <method>logMessage</method>
  <thread>1</thread>
  <message>Text &amp;apos;EM Sauvignon Blanc PDO Nova Zagora &amp;apos; is set on object &amp;apos;Object Repository/ME/Client Products/input_Materials&amp;apos;</message>
  <nestedLevel>1</nestedLevel>
</record>
<record>
  <date>2019-11-22T15:59:40</date>
  <millis>1574431180378</millis>
  <sequence>315</sequence>
  <level>END</level>
  <class>com.kms.katalon.core.logging.XmlKeywordLogger</class>
  <method>endKeyword</method>
  <thread>1</thread>
  <message>End action : setText(findTestObject(materialSelect), materials_noID)</message>
  <nestedLevel>1</nestedLevel>
</record>
<record>
  <date>2019-11-22T15:59:40</date>
  <millis>1574431180378</millis>
  <sequence>316</sequence>
  <level>START</level>
  <class>com.kms.katalon.core.logging.XmlKeywordLogger</class>
  <method>startKeyword</method>
  <thread>1</thread>
  <message>Start action : sendKeys(findTestObject(materialSelect), Keys.chord(ENTER))</message>
  <nestedLevel>1</nestedLevel>
  <property name="startLine">78</property>
  <property name="stepIndex">28</property>
</record>
<record>
  <date>2019-11-22T15:59:41</date>
  <millis>1574431181004</millis>
  <sequence>323</sequence>
  <level>PASSED</level>
  <class>com.kms.katalon.core.logging.XmlKeywordLogger</class>
  <method>logMessage</method>
  <thread>1</thread>
  <message>Keys &amp;apos;ENTER + &amp;apos; sent to object: &amp;apos;Object Repository/ME/Client Products/input_Materials&amp;apos;</message>
  <nestedLevel>1</nestedLevel>
</record>
<record>
  <date>2019-11-22T15:59:41</date>
  <millis>1574431181004</millis>
  <sequence>324</sequence>
  <level>END</level>
  <class>com.kms.katalon.core.logging.XmlKeywordLogger</class>
  <method>endKeyword</method>
  <thread>1</thread>
  <message>End action : sendKeys(findTestObject(materialSelect), Keys.chord(ENTER))</message>
  <nestedLevel>1</nestedLevel>
</record>
<record>
  <date>2019-11-22T15:59:41</date>
  <millis>1574431181005</millis>
  <sequence>325</sequence>
  <level>START</level>
  <class>com.kms.katalon.core.logging.XmlKeywordLogger</class>
  <method>startKeyword</method>
  <thread>1</thread>
  <message>Start action : selectOptionByValue(findTestObject(\&amp;quot;ME/Client Products/select_DealTypeForMaterial\&amp;quot;), findTestData(\&amp;quot;DropDowns\&amp;quot;).getValue(7, 1), false)</message>
  <nestedLevel>1</nestedLevel>
  <property name="startLine">80</property>
  <property name="stepIndex">29</property>
</record>
<record>
  <date>2019-11-22T15:59:42</date>
  <millis>1574431182000</millis>
  <sequence>337</sequence>
  <level>PASSED</level>
  <class>com.kms.katalon.core.logging.XmlKeywordLogger</class>
  <method>logMessage</method>
  <thread>1</thread>
  <message>All options with value &amp;apos;Sale&amp;apos; are selected in object &amp;apos;Object Repository/ME/Client Products/select_DealTypeForMaterial&amp;apos; </message>
  <nestedLevel>1</nestedLevel>
</record>
<record>
  <date>2019-11-22T15:59:42</date>
  <millis>1574431182000</millis>
  <sequence>338</sequence>
  <level>END</level>
  <class>com.kms.katalon.core.logging.XmlKeywordLogger</class>
  <method>endKeyword</method>
  <thread>1</thread>
  <message>End action : selectOptionByValue(findTestObject(\&amp;quot;ME/Client Products/select_DealTypeForMaterial\&amp;quot;), findTestData(\&amp;quot;DropDowns\&amp;quot;).getValue(7, 1), false)</message>
  <nestedLevel>1</nestedLevel>
</record>
<record>
  <date>2019-11-22T15:59:42</date>
  <millis>1574431182001</millis>
  <sequence>339</sequence>
  <level>START</level>
  <class>com.kms.katalon.core.logging.XmlKeywordLogger</class>
  <method>startKeyword</method>
  <thread>1</thread>
  <message>Start action : setText(findTestObject(\&amp;quot;ME/textarea_Comment\&amp;quot;), \&amp;quot;This is made by AUTOMATION\&amp;quot;)</message>
  <nestedLevel>1</nestedLevel>
  <property name="startLine">83</property>
  <property name="stepIndex">30</property>
</record>
<record>
  <date>2019-11-22T15:59:42</date>
  <millis>1574431182879</millis>
  <sequence>349</sequence>
  <level>PASSED</level>
  <class>com.kms.katalon.core.logging.XmlKeywordLogger</class>
  <method>logMessage</method>
  <thread>1</thread>
  <message>Text &amp;apos;This is made by AUTOMATION&amp;apos; is set on object &amp;apos;Object Repository/ME/textarea_Comment&amp;apos;</message>
  <nestedLevel>1</nestedLevel>
</record>
<record>
  <date>2019-11-22T15:59:42</date>
  <millis>1574431182880</millis>
  <sequence>350</sequence>
  <level>END</level>
  <class>com.kms.katalon.core.logging.XmlKeywordLogger</class>
  <method>endKeyword</method>
  <thread>1</thread>
  <message>End action : setText(findTestObject(\&amp;quot;ME/textarea_Comment\&amp;quot;), \&amp;quot;This is made by AUTOMATION\&amp;quot;)</message>
  <nestedLevel>1</nestedLevel>
</record>
<record>
  <date>2019-11-22T15:59:42</date>
  <millis>1574431182880</millis>
  <sequence>351</sequence>
  <level>START</level>
  <class>com.kms.katalon.core.logging.XmlKeywordLogger</class>
  <method>startKeyword</method>
  <thread>1</thread>
  <message>Start action : scrollToElement(findTestObject(meetingButton), 20)</message>
  <nestedLevel>1</nestedLevel>
  <property name="startLine">85</property>
  <property name="stepIndex">31</property>
</record>
<record>
  <date>2019-11-22T15:59:44</date>
  <millis>1574431184087</millis>
  <sequence>360</sequence>
  <level>PASSED</level>
  <class>com.kms.katalon.core.logging.XmlKeywordLogger</class>
  <method>logMessage</method>
  <thread>1</thread>
  <message>Scroll to object &amp;apos;Object Repository/ME/button_Create Offer&amp;apos; successfully</message>
  <nestedLevel>1</nestedLevel>
</record>
<record>
  <date>2019-11-22T15:59:44</date>
  <millis>1574431184088</millis>
  <sequence>361</sequence>
  <level>END</level>
  <class>com.kms.katalon.core.logging.XmlKeywordLogger</class>
  <method>endKeyword</method>
  <thread>1</thread>
  <message>End action : scrollToElement(findTestObject(meetingButton), 20)</message>
  <nestedLevel>1</nestedLevel>
</record>
<record>
  <date>2019-11-22T15:59:44</date>
  <millis>1574431184088</millis>
  <sequence>362</sequence>
  <level>START</level>
  <class>com.kms.katalon.core.logging.XmlKeywordLogger</class>
  <method>startKeyword</method>
  <thread>1</thread>
  <message>Start action : click(findTestObject(meetingButton))</message>
  <nestedLevel>1</nestedLevel>
  <property name="startLine">87</property>
  <property name="stepIndex">32</property>
</record>
<record>
  <date>2019-11-22T15:59:44</date>
  <millis>1574431184706</millis>
  <sequence>371</sequence>
  <level>PASSED</level>
  <class>com.kms.katalon.core.logging.XmlKeywordLogger</class>
  <method>logMessage</method>
  <thread>1</thread>
  <message>Object: &amp;apos;Object Repository/ME/button_Create Offer&amp;apos; is clicked on</message>
  <nestedLevel>1</nestedLevel>
</record>
<record>
  <date>2019-11-22T15:59:44</date>
  <millis>1574431184707</millis>
  <sequence>372</sequence>
  <level>END</level>
  <class>com.kms.katalon.core.logging.XmlKeywordLogger</class>
  <method>endKeyword</method>
  <thread>1</thread>
  <message>End action : click(findTestObject(meetingButton))</message>
  <nestedLevel>1</nestedLevel>
</record>
<record>
  <date>2019-11-22T15:59:44</date>
  <millis>1574431184707</millis>
  <sequence>373</sequence>
  <level>START</level>
  <class>com.kms.katalon.core.logging.XmlKeywordLogger</class>
  <method>startKeyword</method>
  <thread>1</thread>
  <message>Start action : waitForElementNotVisible(findTestObject(pathWait), 20)</message>
  <nestedLevel>1</nestedLevel>
  <property name="startLine">89</property>
  <property name="stepIndex">33</property>
</record>
<record>
  <date>2019-11-22T15:59:45</date>
  <millis>1574431185633</millis>
  <sequence>381</sequence>
  <level>PASSED</level>
  <class>com.kms.katalon.core.logging.XmlKeywordLogger</class>
  <method>logMessage</method>
  <thread>1</thread>
  <message>Object &amp;apos;Object Repository//Waiters/WaitLoadingAnim_Element&amp;apos; is NOT visible</message>
  <nestedLevel>1</nestedLevel>
</record>
<record>
  <date>2019-11-22T15:59:45</date>
  <millis>1574431185633</millis>
  <sequence>382</sequence>
  <level>END</level>
  <class>com.kms.katalon.core.logging.XmlKeywordLogger</class>
  <method>endKeyword</method>
  <thread>1</thread>
  <message>End action : waitForElementNotVisible(findTestObject(pathWait), 20)</message>
  <nestedLevel>1</nestedLevel>
</record>
<record>
  <date>2019-11-22T15:59:45</date>
  <millis>1574431185634</millis>
  <sequence>383</sequence>
  <level>START</level>
  <class>com.kms.katalon.core.logging.XmlKeywordLogger</class>
  <method>startKeyword</method>
  <thread>1</thread>
  <message>Start action : scrollToPosition(0, 0)</message>
  <nestedLevel>1</nestedLevel>
  <property name="startLine">91</property>
  <property name="stepIndex">34</property>
</record>
<record>
  <date>2019-11-22T15:59:45</date>
  <millis>1574431185661</millis>
  <sequence>387</sequence>
  <level>PASSED</level>
  <class>com.kms.katalon.core.logging.XmlKeywordLogger</class>
  <method>logMessage</method>
  <thread>1</thread>
  <message>Browser is scrolled to position x = 0, y = 0</message>
  <nestedLevel>1</nestedLevel>
</record>
<record>
  <date>2019-11-22T15:59:45</date>
  <millis>1574431185661</millis>
  <sequence>388</sequence>
  <level>END</level>
  <class>com.kms.katalon.core.logging.XmlKeywordLogger</class>
  <method>endKeyword</method>
  <thread>1</thread>
  <message>End action : scrollToPosition(0, 0)</message>
  <nestedLevel>1</nestedLevel>
</record>
<record>
  <date>2019-11-22T15:59:45</date>
  <millis>1574431185662</millis>
  <sequence>389</sequence>
  <level>PASSED</level>
  <class>com.kms.katalon.core.logging.XmlKeywordLogger</class>
  <method>logMessage</method>
  <thread>1</thread>
  <message>Test Cases/SD FLOW/SD FLOW IDless/SD FLOW_ME_IDLESS</message>
  <nestedLevel>1</nestedLevel>
</record>
<record>
  <date>2019-11-22T15:59:45</date>
  <millis>1574431185662</millis>
  <sequence>390</sequence>
  <level>END</level>
  <class>com.kms.katalon.core.logging.XmlKeywordLogger</class>
  <method>endTest</method>
  <thread>1</thread>
  <message>End Test Case : Test Cases/SD FLOW/SD FLOW IDless/SD FLOW_ME_IDLESS</message>
  <nestedLevel>0</nestedLevel>
</record>
<record>
  <date>2019-11-22T15:59:45</date>
  <millis>1574431185678</millis>
  <sequence>391</sequence>
  <level>START</level>
  <class>com.kms.katalon.core.logging.XmlKeywordLogger</class>
  <method>startTest</method>
  <thread>1</thread>
  <message>Start Test Case : Test Cases/SD FLOW/SD FLOW IDless/OF Payment/SD FLOW_OF_50Advance_4Installments</message>
  <nestedLevel>1</nestedLevel>
  <property name="name">Test Cases/SD FLOW/SD FLOW IDless/OF Payment/SD FLOW_OF_50Advance_4Installments</property>
  <property name="description"></property>
  <property name="id">Test Cases/SD FLOW/SD FLOW IDless/OF Payment/SD FLOW_OF_50Advance_4Installments</property>
  <property name="source">C:\\Users\\daniel.donose\\git\\GAS_V4\\Test Cases\\SD FLOW\\SD FLOW IDless\\OF Payment\\SD FLOW_OF_50Advance_4Installments.tc</property>
  <property name="tag"></property>
  <property name="isOptional">false</property>
</record>
<record>
  <date>2019-11-22T15:59:45</date>
  <millis>1574431185705</millis>
  <sequence>393</sequence>
  <level>INFO</level>
  <class>com.kms.katalon.core.logging.XmlKeywordLogger</class>
  <method>logMessage</method>
  <thread>1</thread>
  <message>(Default) warehouse = 6</message>
  <nestedLevel>1</nestedLevel>
</record>
<record>
  <date>2019-11-22T15:59:46</date>
  <millis>1574431186049</millis>
  <sequence>394</sequence>
  <level>START</level>
  <class>com.kms.katalon.core.logging.XmlKeywordLogger</class>
  <method>startKeyword</method>
  <thread>1</thread>
  <message>Start action : waitLoad = \&amp;quot;Waiters/WaitLoadingAnim_Element\&amp;quot;</message>
  <nestedLevel>1</nestedLevel>
  <property name="startLine">16</property>
  <property name="stepIndex">1</property>
</record>
<record>
  <date>2019-11-22T15:59:46</date>
  <millis>1574431186050</millis>
  <sequence>395</sequence>
  <level>END</level>
  <class>com.kms.katalon.core.logging.XmlKeywordLogger</class>
  <method>endKeyword</method>
  <thread>1</thread>
  <message>End action : waitLoad = \&amp;quot;Waiters/WaitLoadingAnim_Element\&amp;quot;</message>
  <nestedLevel>1</nestedLevel>
</record>
<record>
  <date>2019-11-22T15:59:46</date>
  <millis>1574431186050</millis>
  <sequence>396</sequence>
  <level>START</level>
  <class>com.kms.katalon.core.logging.XmlKeywordLogger</class>
  <method>startKeyword</method>
  <thread>1</thread>
  <message>Start action : waitFirstButton = \&amp;quot;Waiters/WaitButton_Element\&amp;quot;</message>
  <nestedLevel>1</nestedLevel>
  <property name="startLine">18</property>
  <property name="stepIndex">2</property>
</record>
<record>
  <date>2019-11-22T15:59:46</date>
  <millis>1574431186050</millis>
  <sequence>397</sequence>
  <level>END</level>
  <class>com.kms.katalon.core.logging.XmlKeywordLogger</class>
  <method>endKeyword</method>
  <thread>1</thread>
  <message>End action : waitFirstButton = \&amp;quot;Waiters/WaitButton_Element\&amp;quot;</message>
  <nestedLevel>1</nestedLevel>
</record>
<record>
  <date>2019-11-22T15:59:46</date>
  <millis>1574431186051</millis>
  <sequence>398</sequence>
  <level>START</level>
  <class>com.kms.katalon.core.logging.XmlKeywordLogger</class>
  <method>startKeyword</method>
  <thread>1</thread>
  <message>Start action : waitOpen = \&amp;quot;OF/Status Open/input_Sale Offer_Open\&amp;quot;</message>
  <nestedLevel>1</nestedLevel>
  <property name="startLine">20</property>
  <property name="stepIndex">3</property>
</record>
<record>
  <date>2019-11-22T15:59:46</date>
  <millis>1574431186051</millis>
  <sequence>399</sequence>
  <level>END</level>
  <class>com.kms.katalon.core.logging.XmlKeywordLogger</class>
  <method>endKeyword</method>
  <thread>1</thread>
  <message>End action : waitOpen = \&amp;quot;OF/Status Open/input_Sale Offer_Open\&amp;quot;</message>
  <nestedLevel>1</nestedLevel>
</record>
<record>
  <date>2019-11-22T15:59:46</date>
  <millis>1574431186051</millis>
  <sequence>400</sequence>
  <level>START</level>
  <class>com.kms.katalon.core.logging.XmlKeywordLogger</class>
  <method>startKeyword</method>
  <thread>1</thread>
  <message>Start action : waitForElementNotVisible(findTestObject(waitLoad), 20)</message>
  <nestedLevel>1</nestedLevel>
  <property name="startLine">22</property>
  <property name="stepIndex">4</property>
</record>
<record>
  <date>2019-11-22T15:59:46</date>
  <millis>1574431186599</millis>
  <sequence>408</sequence>
  <level>PASSED</level>
  <class>com.kms.katalon.core.logging.XmlKeywordLogger</class>
  <method>logMessage</method>
  <thread>1</thread>
  <message>Object &amp;apos;Object Repository/Waiters/WaitLoadingAnim_Element&amp;apos; is NOT visible</message>
  <nestedLevel>1</nestedLevel>
</record>
<record>
  <date>2019-11-22T15:59:46</date>
  <millis>1574431186600</millis>
  <sequence>409</sequence>
  <level>END</level>
  <class>com.kms.katalon.core.logging.XmlKeywordLogger</class>
  <method>endKeyword</method>
  <thread>1</thread>
  <message>End action : waitForElementNotVisible(findTestObject(waitLoad), 20)</message>
  <nestedLevel>1</nestedLevel>
</record>
<record>
  <date>2019-11-22T15:59:46</date>
  <millis>1574431186600</millis>
  <sequence>410</sequence>
  <level>START</level>
  <class>com.kms.katalon.core.logging.XmlKeywordLogger</class>
  <method>startKeyword</method>
  <thread>1</thread>
  <message>Start action : waitForElementVisible(findTestObject(waitFirstButton), 20)</message>
  <nestedLevel>1</nestedLevel>
  <property name="startLine">24</property>
  <property name="stepIndex">5</property>
</record>
<record>
  <date>2019-11-22T15:59:52</date>
  <millis>1574431192803</millis>
  <sequence>418</sequence>
  <level>PASSED</level>
  <class>com.kms.katalon.core.logging.XmlKeywordLogger</class>
  <method>logMessage</method>
  <thread>1</thread>
  <message>Object &amp;apos;Object Repository/Waiters/WaitButton_Element&amp;apos; is visible</message>
  <nestedLevel>1</nestedLevel>
</record>
<record>
  <date>2019-11-22T15:59:52</date>
  <millis>1574431192803</millis>
  <sequence>419</sequence>
  <level>END</level>
  <class>com.kms.katalon.core.logging.XmlKeywordLogger</class>
  <method>endKeyword</method>
  <thread>1</thread>
  <message>End action : waitForElementVisible(findTestObject(waitFirstButton), 20)</message>
  <nestedLevel>1</nestedLevel>
</record>
<record>
  <date>2019-11-22T15:59:52</date>
  <millis>1574431192803</millis>
  <sequence>420</sequence>
  <level>START</level>
  <class>com.kms.katalon.core.logging.XmlKeywordLogger</class>
  <method>startKeyword</method>
  <thread>1</thread>
  <message>Start action : linkers.Link_SD_FLOW.offer()</message>
  <nestedLevel>1</nestedLevel>
  <property name="startLine">26</property>
  <property name="stepIndex">6</property>
</record>
<record>
  <date>2019-11-22T15:59:53</date>
  <millis>1574431193191</millis>
  <sequence>425</sequence>
  <level>RUN_DATA</level>
  <class>com.kms.katalon.core.logging.XmlKeywordLogger</class>
  <method>logMessage</method>
  <thread>1</thread>
  <message>dbServerInfo = PostgreSQL 9.6.10</message>
  <nestedLevel>1</nestedLevel>
  <property name="dbServerInfo">PostgreSQL 9.6.10</property>
</record>
<record>
  <date>2019-11-22T15:59:53</date>
  <millis>1574431193381</millis>
  <sequence>426</sequence>
  <level>RUN_DATA</level>
  <class>com.kms.katalon.core.logging.XmlKeywordLogger</class>
  <method>logMessage</method>
  <thread>1</thread>
  <message>dbServerInfo = PostgreSQL 9.6.10</message>
  <nestedLevel>1</nestedLevel>
  <property name="dbServerInfo">PostgreSQL 9.6.10</property>
</record>
<record>
  <date>2019-11-22T15:59:53</date>
  <millis>1574431193546</millis>
  <sequence>431</sequence>
  <level>RUN_DATA</level>
  <class>com.kms.katalon.core.logging.XmlKeywordLogger</class>
  <method>logMessage</method>
  <thread>1</thread>
  <message>dbServerInfo = PostgreSQL 9.6.10</message>
  <nestedLevel>1</nestedLevel>
  <property name="dbServerInfo">PostgreSQL 9.6.10</property>
</record>
<record>
  <date>2019-11-22T16:00:01</date>
  <millis>1574431201048</millis>
  <sequence>432</sequence>
  <level>PASSED</level>
  <class>com.kms.katalon.core.logging.XmlKeywordLogger</class>
  <method>logMessage</method>
  <thread>1</thread>
  <message>linkers.Link_SD_FLOW.offer is PASSED</message>
  <nestedLevel>1</nestedLevel>
</record>
<record>
  <date>2019-11-22T16:00:01</date>
  <millis>1574431201049</millis>
  <sequence>433</sequence>
  <level>END</level>
  <class>com.kms.katalon.core.logging.XmlKeywordLogger</class>
  <method>endKeyword</method>
  <thread>1</thread>
  <message>End action : linkers.Link_SD_FLOW.offer()</message>
  <nestedLevel>1</nestedLevel>
</record>
<record>
  <date>2019-11-22T16:00:01</date>
  <millis>1574431201049</millis>
  <sequence>434</sequence>
  <level>START</level>
  <class>com.kms.katalon.core.logging.XmlKeywordLogger</class>
  <method>startKeyword</method>
  <thread>1</thread>
  <message>Start action : waitForElementNotVisible(findTestObject(waitLoad), 20)</message>
  <nestedLevel>1</nestedLevel>
  <property name="startLine">28</property>
  <property name="stepIndex">7</property>
</record>
<record>
  <date>2019-11-22T16:00:01</date>
  <millis>1574431201857</millis>
  <sequence>442</sequence>
  <level>PASSED</level>
  <class>com.kms.katalon.core.logging.XmlKeywordLogger</class>
  <method>logMessage</method>
  <thread>1</thread>
  <message>Object &amp;apos;Object Repository/Waiters/WaitLoadingAnim_Element&amp;apos; is NOT visible</message>
  <nestedLevel>1</nestedLevel>
</record>
<record>
  <date>2019-11-22T16:00:01</date>
  <millis>1574431201857</millis>
  <sequence>443</sequence>
  <level>END</level>
  <class>com.kms.katalon.core.logging.XmlKeywordLogger</class>
  <method>endKeyword</method>
  <thread>1</thread>
  <message>End action : waitForElementNotVisible(findTestObject(waitLoad), 20)</message>
  <nestedLevel>1</nestedLevel>
</record>
<record>
  <date>2019-11-22T16:00:01</date>
  <millis>1574431201858</millis>
  <sequence>444</sequence>
  <level>START</level>
  <class>com.kms.katalon.core.logging.XmlKeywordLogger</class>
  <method>startKeyword</method>
  <thread>1</thread>
  <message>Start action : waitForElementVisible(findTestObject(waitOpen), 20)</message>
  <nestedLevel>1</nestedLevel>
  <property name="startLine">30</property>
  <property name="stepIndex">8</property>
</record>
</log>