<?xml version="1.0" encoding="UTF-8" standalone="no"?>
<!DOCTYPE log SYSTEM "logger.dtd">
<log>
<record>
  <date>2019-10-17T15:18:33</date>
  <millis>1571314713170</millis>
  <sequence>0</sequence>
  <level>START</level>
  <class>com.kms.katalon.core.logging.XmlKeywordLogger</class>
  <method>startSuite</method>
  <thread>1</thread>
  <message>Start Test Suite : Test Suites/SD-PO from LOGIN</message>
  <nestedLevel>0</nestedLevel>
  <property name="name">SD-PO from LOGIN</property>
  <property name="description"></property>
  <property name="id">Test Suites/SD-PO from LOGIN</property>
</record>
<record>
  <date>2019-10-17T15:18:33</date>
  <millis>1571314713189</millis>
  <sequence>1</sequence>
  <level>RUN_DATA</level>
  <class>com.kms.katalon.core.logging.XmlKeywordLogger</class>
  <method>logMessage</method>
  <thread>1</thread>
  <message>hostName = daniel.donose - egt-danieldonose.egt.local</message>
  <nestedLevel>0</nestedLevel>
  <property name="hostName">daniel.donose - egt-danieldonose.egt.local</property>
</record>
<record>
  <date>2019-10-17T15:18:33</date>
  <millis>1571314713191</millis>
  <sequence>2</sequence>
  <level>RUN_DATA</level>
  <class>com.kms.katalon.core.logging.XmlKeywordLogger</class>
  <method>logMessage</method>
  <thread>1</thread>
  <message>os = Windows 10 64bit</message>
  <nestedLevel>0</nestedLevel>
  <property name="os">Windows 10 64bit</property>
</record>
<record>
  <date>2019-10-17T15:18:33</date>
  <millis>1571314713192</millis>
  <sequence>3</sequence>
  <level>RUN_DATA</level>
  <class>com.kms.katalon.core.logging.XmlKeywordLogger</class>
  <method>logMessage</method>
  <thread>1</thread>
  <message>hostAddress = 10.120.2.94</message>
  <nestedLevel>0</nestedLevel>
  <property name="hostAddress">10.120.2.94</property>
</record>
<record>
  <date>2019-10-17T15:18:33</date>
  <millis>1571314713193</millis>
  <sequence>4</sequence>
  <level>RUN_DATA</level>
  <class>com.kms.katalon.core.logging.XmlKeywordLogger</class>
  <method>logMessage</method>
  <thread>1</thread>
  <message>katalonVersion = 6.3.3.11</message>
  <nestedLevel>0</nestedLevel>
  <property name="katalonVersion">6.3.3.11</property>
</record>
<record>
  <date>2019-10-17T15:18:33</date>
  <millis>1571314713631</millis>
  <sequence>5</sequence>
  <level>START</level>
  <class>com.kms.katalon.core.logging.XmlKeywordLogger</class>
  <method>startTest</method>
  <thread>1</thread>
  <message>Start Test Case : Test Cases/Login/LoginAdmin</message>
  <nestedLevel>1</nestedLevel>
  <property name="name">Test Cases/Login/LoginAdmin</property>
  <property name="description"></property>
  <property name="id">Test Cases/Login/LoginAdmin</property>
  <property name="source">C:\\Users\\daniel.donose\\git\\GAS_V4\\Test Cases\\Login\\LoginAdmin.tc</property>
  <property name="tag"></property>
  <property name="isOptional">false</property>
</record>
<record>
  <date>2019-10-17T15:18:33</date>
  <millis>1571314713823</millis>
  <sequence>7</sequence>
  <level>INFO</level>
  <class>com.kms.katalon.core.logging.XmlKeywordLogger</class>
  <method>logMessage</method>
  <thread>1</thread>
  <message>(Default) variable = </message>
  <nestedLevel>1</nestedLevel>
</record>
<record>
  <date>2019-10-17T15:18:33</date>
  <millis>1571314713881</millis>
  <sequence>8</sequence>
  <level>INFO</level>
  <class>com.kms.katalon.core.logging.XmlKeywordLogger</class>
  <method>logMessage</method>
  <thread>1</thread>
  <message>(Default) variable_0 = </message>
  <nestedLevel>1</nestedLevel>
</record>
<record>
  <date>2019-10-17T15:18:33</date>
  <millis>1571314713900</millis>
  <sequence>9</sequence>
  <level>INFO</level>
  <class>com.kms.katalon.core.logging.XmlKeywordLogger</class>
  <method>logMessage</method>
  <thread>1</thread>
  <message>(Default) variable_1 = </message>
  <nestedLevel>1</nestedLevel>
</record>
<record>
  <date>2019-10-17T15:18:33</date>
  <millis>1571314713924</millis>
  <sequence>10</sequence>
  <level>INFO</level>
  <class>com.kms.katalon.core.logging.XmlKeywordLogger</class>
  <method>logMessage</method>
  <thread>1</thread>
  <message>(Default) variable_2 = </message>
  <nestedLevel>1</nestedLevel>
</record>
